Using pre-set license
Built from '2022.3/staging' branch; Version is '2022.3.4f1 (35713cd46cd7) revision 3502396'; Using compiler version '192829333'; Build Type 'Release'
OS: 'Windows 11  (10.0.22621) 64bit Core' Language: 'en' Physical Memory: 65449 MB
BatchMode: 1, IsHumanControllingUs: 0, StartBugReporterOnCrash: 0, Is64bit: 1, IsPro: 1

COMMAND LINE ARGUMENTS:
E:\Unity\2022.3.4f1\Editor\Unity.exe
-adb2
-batchMode
-noUpm
-name
AssetImportWorker8
-projectPath
C:/Users/Josh Zeller/GameDevGroup8
-logFile
Logs/AssetImportWorker8.log
-srvPort
53694
Successfully changed project path to: C:/Users/Josh Zeller/GameDevGroup8
C:/Users/Josh Zeller/GameDevGroup8
[UnityMemory] Configuration Parameters - Can be set up in boot.config
    "memorysetup-bucket-allocator-granularity=16"
    "memorysetup-bucket-allocator-bucket-count=8"
    "memorysetup-bucket-allocator-block-size=33554432"
    "memorysetup-bucket-allocator-block-count=8"
    "memorysetup-main-allocator-block-size=16777216"
    "memorysetup-thread-allocator-block-size=16777216"
    "memorysetup-gfx-main-allocator-block-size=16777216"
    "memorysetup-gfx-thread-allocator-block-size=16777216"
    "memorysetup-cache-allocator-block-size=4194304"
    "memorysetup-typetree-allocator-block-size=2097152"
    "memorysetup-profiler-bucket-allocator-granularity=16"
    "memorysetup-profiler-bucket-allocator-bucket-count=8"
    "memorysetup-profiler-bucket-allocator-block-size=33554432"
    "memorysetup-profiler-bucket-allocator-block-count=8"
    "memorysetup-profiler-allocator-block-size=16777216"
    "memorysetup-profiler-editor-allocator-block-size=1048576"
    "memorysetup-temp-allocator-size-main=16777216"
    "memorysetup-job-temp-allocator-block-size=2097152"
    "memorysetup-job-temp-allocator-block-size-background=1048576"
    "memorysetup-job-temp-allocator-reduction-small-platforms=262144"
    "memorysetup-allocator-temp-initial-block-size-main=262144"
    "memorysetup-allocator-temp-initial-block-size-worker=262144"
    "memorysetup-temp-allocator-size-background-worker=32768"
    "memorysetup-temp-allocator-size-job-worker=262144"
    "memorysetup-temp-allocator-size-preload-manager=33554432"
    "memorysetup-temp-allocator-size-nav-mesh-worker=65536"
    "memorysetup-temp-allocator-size-audio-worker=65536"
    "memorysetup-temp-allocator-size-cloud-worker=32768"
    "memorysetup-temp-allocator-size-gi-baking-worker=262144"
    "memorysetup-temp-allocator-size-gfx=262144"
Player connection [33060] Host "[IP] 192.168.1.73 [Port] 0 [Flags] 2 [Guid] 1706625675 [EditorId] 1706625675 [Version] 1048832 [Id] WindowsEditor(7,QUALITY-GAMING-BEAST) [Debug] 1 [PackageName] WindowsEditor [ProjectName] Editor" joined multi-casting on [225.0.0.222:54997]...

Player connection [33060] Host "[IP] 192.168.1.73 [Port] 0 [Flags] 2 [Guid] 1706625675 [EditorId] 1706625675 [Version] 1048832 [Id] WindowsEditor(7,QUALITY-GAMING-BEAST) [Debug] 1 [PackageName] WindowsEditor [ProjectName] Editor" joined alternative multi-casting on [225.0.0.222:34997]...

Refreshing native plugins compatible for Editor in 7.32 ms, found 3 plugins.
Preloading 0 native plugins for Editor in 0.00 ms.
Initialize engine version: 2022.3.4f1 (35713cd46cd7)
[Subsystems] Discovering subsystems at path E:/Unity/2022.3.4f1/Editor/Data/Resources/UnitySubsystems
[Subsystems] Discovering subsystems at path C:/Users/Josh Zeller/GameDevGroup8/Assets
GfxDevice: creating device client; threaded=0; jobified=0
Direct3D:
    Version:  Direct3D 11.0 [level 11.1]
    Renderer: NVIDIA GeForce RTX 4080 SUPER (ID=0x2702)
    Vendor:   NVIDIA
    VRAM:     16047 MB
    Driver:   31.0.15.5161
Initialize mono
Mono path[0] = 'E:/Unity/2022.3.4f1/Editor/Data/Managed'
Mono path[1] = 'E:/Unity/2022.3.4f1/Editor/Data/MonoBleedingEdge/lib/mono/unityjit-win32'
Mono config path = 'E:/Unity/2022.3.4f1/Editor/Data/MonoBleedingEdge/etc'
Using monoOptions --debugger-agent=transport=dt_socket,embedding=1,server=y,suspend=n,address=127.0.0.1:56100
Begin MonoManager ReloadAssembly
Registering precompiled unity dll's ...
Register platform support module: E:/Unity/2022.3.4f1/Editor/Data/PlaybackEngines/WindowsStandaloneSupport/UnityEditor.WindowsStandalone.Extensions.dll
Registered in 0.002473 seconds.
- Loaded All Assemblies, in  0.270 seconds
Native extension for WindowsStandalone target not found
Mono: successfully reloaded assembly
- Finished resetting the current domain, in  0.223 seconds
Domain Reload Profiling: 493ms
	BeginReloadAssembly (86ms)
		ExecutionOrderSort (0ms)
		DisableScriptedObjects (0ms)
		BackupInstance (0ms)
		ReleaseScriptingObjects (0ms)
		CreateAndSetChildDomain (1ms)
	RebuildCommonClasses (29ms)
	RebuildNativeTypeToScriptingClass (10ms)
	initialDomainReloadingComplete (41ms)
	LoadAllAssembliesAndSetupDomain (104ms)
		LoadAssemblies (86ms)
		RebuildTransferFunctionScriptingTraits (0ms)
		AnalyzeDomain (102ms)
			TypeCache.Refresh (101ms)
				TypeCache.ScanAssembly (92ms)
			ScanForSourceGeneratedMonoScriptInfo (0ms)
			ResolveRequiredComponents (0ms)
	FinalizeReload (223ms)
		ReleaseScriptCaches (0ms)
		RebuildScriptCaches (0ms)
		SetupLoadedEditorAssemblies (175ms)
			LogAssemblyErrors (0ms)
			InitializePlatformSupportModulesInManaged (6ms)
			SetLoadedEditorAssemblies (6ms)
			RefreshPlugins (0ms)
			BeforeProcessingInitializeOnLoad (2ms)
			ProcessInitializeOnLoadAttributes (120ms)
			ProcessInitializeOnLoadMethodAttributes (42ms)
			AfterProcessingInitializeOnLoad (0ms)
			EditorAssembliesLoaded (0ms)
		ExecutionOrderSort2 (0ms)
		AwakeInstancesAfterBackupRestoration (0ms)
========================================================================
Worker process is ready to serve import requests
Begin MonoManager ReloadAssembly
Symbol file LoadedFromMemory doesn't match image C:\Users\Josh Zeller\GameDevGroup8\Library\PackageCache\com.unity.visualscripting@1.8.0\Editor\VisualScripting.Core\Dependencies\YamlDotNet\Unity.VisualScripting.YamlDotNet.dll
Symbol file LoadedFromMemory doesn't match image C:\Users\Josh Zeller\GameDevGroup8\Library\PackageCache\com.unity.visualscripting@1.8.0\Editor\VisualScripting.Core\Dependencies\DotNetZip\Unity.VisualScripting.IonicZip.dll
- Loaded All Assemblies, in  0.589 seconds
Refreshing native plugins compatible for Editor in 2.84 ms, found 3 plugins.
Native extension for WindowsStandalone target not found
Package Manager log level set to [2]
[Package Manager] Server::EnsureServerProcessIsRunning -- launch failed, reason: Unity was launched with the -noUpm command-line argument
[Package Manager] UpmClient::Send -- Unable to send message (not connected to UPM process).
[Package Manager] Cannot connect to Unity Package Manager local server
Mono: successfully reloaded assembly
- Finished resetting the current domain, in  0.508 seconds
Domain Reload Profiling: 1097ms
	BeginReloadAssembly (113ms)
		ExecutionOrderSort (0ms)
		DisableScriptedObjects (4ms)
		BackupInstance (0ms)
		ReleaseScriptingObjects (0ms)
		CreateAndSetChildDomain (18ms)
	RebuildCommonClasses (25ms)
	RebuildNativeTypeToScriptingClass (8ms)
	initialDomainReloadingComplete (30ms)
	LoadAllAssembliesAndSetupDomain (412ms)
		LoadAssemblies (218ms)
		RebuildTransferFunctionScriptingTraits (0ms)
		AnalyzeDomain (256ms)
			TypeCache.Refresh (239ms)
				TypeCache.ScanAssembly (228ms)
			ScanForSourceGeneratedMonoScriptInfo (13ms)
			ResolveRequiredComponents (4ms)
	FinalizeReload (509ms)
		ReleaseScriptCaches (0ms)
		RebuildScriptCaches (0ms)
		SetupLoadedEditorAssemblies (386ms)
			LogAssemblyErrors (0ms)
			InitializePlatformSupportModulesInManaged (3ms)
			SetLoadedEditorAssemblies (4ms)
			RefreshPlugins (0ms)
			BeforeProcessingInitializeOnLoad (49ms)
			ProcessInitializeOnLoadAttributes (311ms)
			ProcessInitializeOnLoadMethodAttributes (16ms)
			AfterProcessingInitializeOnLoad (2ms)
			EditorAssembliesLoaded (0ms)
		ExecutionOrderSort2 (0ms)
		AwakeInstancesAfterBackupRestoration (4ms)
Launched and connected shader compiler UnityShaderCompiler.exe after 0.04 seconds
Refreshing native plugins compatible for Editor in 2.85 ms, found 3 plugins.
Preloading 0 native plugins for Editor in 0.00 ms.
Unloading 3723 Unused Serialized files (Serialized files now loaded: 0)
Unloading 51 unused Assets / (130.1 KB). Loaded Objects now: 4189.
Memory consumption went from 136.3 MB to 136.2 MB.
Total: 3.547400 ms (FindLiveObjects: 0.258600 ms CreateObjectMapping: 0.081900 ms MarkObjects: 3.088800 ms  DeleteObjects: 0.117200 ms)

AssetImportParameters requested are different than current active one (requested -> active):
  custom:scripting/monoscript/fileName/EnemyBehavior.cs: c93aa79a3e526684326625364a51285c -> 4377b9e3915ea66213e6ffffac4c3dc6
  custom:container-demuxer-ogg: 62fdf1f143b41e24485cea50d1cbac27 -> 
  custom:video-codec-MediaFoundation-h265: 746d11721c4dcdbdad8f713fa42b33f4 -> 
  custom:video-decoder-ogg-theora: a1e56fd34408186e4bbccfd4996cb3dc -> 
  custom:framework-win-MediaFoundation: 216162199b28c13a410421893ffa2e32 -> 
  custom:CustomObjectIndexerAttribute: 756ad292c208cfabdd7b50bc23989ffe -> 
  custom:container-demuxer-webm: 4f35f7cbe854078d1ac9338744f61a02 -> 
  custom:container-muxer-webm: aa71ff27fc2769a1b78a27578f13a17b -> 
  custom:video-decoder-webm-vp8: 9c59270c3fd7afecdb556c50c9e8de78 -> 
  custom:AudioImporter_EditorPlatform: d09bf68614088b80899f8185d706f6e7 -> 
  custom:scripting/monoscript/fileName/EnemyBehaviorProjectile.cs: 6e129a811c1fe38cf4e9fd0e22c50857 -> 
  custom:video-encoder-webm-vp8: eb34c28f22e8b96e1ab97ce403110664 -> 
  custom:audio-decoder-ogg-vorbis: bf7c407c2cedff20999df2af8eb42d56 -> 
  custom:audio-encoder-webm-vorbis: bf7c407c2cedff20999df2af8eb42d56 -> 
========================================================================
Received Import Request.
  Time since last request: 480943.450299 seconds.
  path: Assets/48 Particle Effect Pack/Texture/Spark7.mat
  artifactKey: Guid(61939c49e710a064ca43150a61c6e2d8) Importer(815301076,1909f56bfc062723c751e8b465ee728b)
Start importing Assets/48 Particle Effect Pack/Texture/Spark7.mat using Guid(61939c49e710a064ca43150a61c6e2d8) Importer(815301076,1909f56bfc062723c751e8b465ee728b)  -> (artifact id: 'd427385f816fa47115bc9723cc15c3de') in 0.088876 seconds
Number of updated asset objects reloaded before import = 0
Number of asset objects unloaded after import = 2
========================================================================
Received Import Request.
  Time since last request: 0.000018 seconds.
  path: Assets/48 Particle Effect Pack/Texture/Star2.mat
  artifactKey: Guid(da154f58167fcb24da4b73db87dc7bb4) Importer(815301076,1909f56bfc062723c751e8b465ee728b)
Start importing Assets/48 Particle Effect Pack/Texture/Star2.mat using Guid(da154f58167fcb24da4b73db87dc7bb4) Importer(815301076,1909f56bfc062723c751e8b465ee728b)  -> (artifact id: 'e1014b5bf9b847793146dfe227b1196b') in 0.010513 seconds
Number of updated asset objects reloaded before import = 0
Number of asset objects unloaded after import = 2
========================================================================
Received Import Request.
  Time since last request: 0.000026 seconds.
  path: Assets/48 Particle Effect Pack/Texture/Star3.mat
  artifactKey: Guid(6e605333055fdbe4b94a3506efcb132e) Importer(815301076,1909f56bfc062723c751e8b465ee728b)
Start importing Assets/48 Particle Effect Pack/Texture/Star3.mat using Guid(6e605333055fdbe4b94a3506efcb132e) Importer(815301076,1909f56bfc062723c751e8b465ee728b)  -> (artifact id: 'c2c97abc881f3fcc7aff4f641e862e5e') in 0.009821 seconds
Number of updated asset objects reloaded before import = 0
Number of asset objects unloaded after import = 2
========================================================================
Received Import Request.
  Time since last request: 0.000014 seconds.
  path: Assets/48 Particle Effect Pack/Texture/Star3.png
  artifactKey: Guid(fc23b9925e1da294da3fb813e68d4fc3) Importer(815301076,1909f56bfc062723c751e8b465ee728b)
Start importing Assets/48 Particle Effect Pack/Texture/Star3.png using Guid(fc23b9925e1da294da3fb813e68d4fc3) Importer(815301076,1909f56bfc062723c751e8b465ee728b)  -> (artifact id: '01c5acf00e2d1abdd759efe68ffb3ff2') in 0.014102 seconds
Number of updated asset objects reloaded before import = 0
Number of asset objects unloaded after import = 2
========================================================================
Received Import Request.
  Time since last request: 3.688190 seconds.
  path: Assets/48 Particle Effect Pack/Texture/Smoke 1.png
  artifactKey: Guid(19b6337feb63835408f894cec17c8381) Importer(815301076,1909f56bfc062723c751e8b465ee728b)
Start importing Assets/48 Particle Effect Pack/Texture/Smoke 1.png using Guid(19b6337feb63835408f894cec17c8381) Importer(815301076,1909f56bfc062723c751e8b465ee728b)  -> (artifact id: 'f3f7ad4cec3e8f273b9db516bdf96ede') in 0.004651 seconds
Number of updated asset objects reloaded before import = 0
Number of asset objects unloaded after import = 2
========================================================================
Received Import Request.
  Time since last request: 0.000014 seconds.
  path: Assets/48 Particle Effect Pack/Texture/Smoke4 1.mat
  artifactKey: Guid(01df8b515cefbf7439ec0fd691150142) Importer(815301076,1909f56bfc062723c751e8b465ee728b)
Start importing Assets/48 Particle Effect Pack/Texture/Smoke4 1.mat using Guid(01df8b515cefbf7439ec0fd691150142) Importer(815301076,1909f56bfc062723c751e8b465ee728b)  -> (artifact id: 'd37a68a58f3083a4ffd72f95466848fc') in 0.007183 seconds
Number of updated asset objects reloaded before import = 0
Number of asset objects unloaded after import = 2
========================================================================
Received Import Request.
  Time since last request: 0.000010 seconds.
  path: Assets/48 Particle Effect Pack/Texture/Smoke7 1.mat
  artifactKey: Guid(85253fc5965540a4ca96470e865e6193) Importer(815301076,1909f56bfc062723c751e8b465ee728b)
Start importing Assets/48 Particle Effect Pack/Texture/Smoke7 1.mat using Guid(85253fc5965540a4ca96470e865e6193) Importer(815301076,1909f56bfc062723c751e8b465ee728b)  -> (artifact id: '386bd7c8cf1ea05877a42182e78ddf27') in 0.005515 seconds
Number of updated asset objects reloaded before import = 0
Number of asset objects unloaded after import = 2
========================================================================
Received Import Request.
  Time since last request: 0.000012 seconds.
  path: Assets/48 Particle Effect Pack/Texture/Smoke6 1.mat
  artifactKey: Guid(fe215c01e2df36c428a188afb9992d32) Importer(815301076,1909f56bfc062723c751e8b465ee728b)
Start importing Assets/48 Particle Effect Pack/Texture/Smoke6 1.mat using Guid(fe215c01e2df36c428a188afb9992d32) Importer(815301076,1909f56bfc062723c751e8b465ee728b)  -> (artifact id: 'efbe7a0c84eebc69410c5642d7866cb5') in 0.005811 seconds
Number of updated asset objects reloaded before import = 0
Number of asset objects unloaded after import = 2
========================================================================
Received Import Request.
  Time since last request: 0.000014 seconds.
  path: Assets/48 Particle Effect Pack/Texture/Smoke5 1.png
  artifactKey: Guid(e5c47bb42e2ccdf4781898056e1cbf05) Importer(815301076,1909f56bfc062723c751e8b465ee728b)
Start importing Assets/48 Particle Effect Pack/Texture/Smoke5 1.png using Guid(e5c47bb42e2ccdf4781898056e1cbf05) Importer(815301076,1909f56bfc062723c751e8b465ee728b)  -> (artifact id: '77ff7b28ebfa6e88413fec158c91b82f') in 0.010488 seconds
Number of updated asset objects reloaded before import = 0
Number of asset objects unloaded after import = 2
========================================================================
Received Prepare
Begin MonoManager ReloadAssembly
Symbol file LoadedFromMemory doesn't match image C:\Users\Josh Zeller\GameDevGroup8\Library\PackageCache\com.unity.visualscripting@1.8.0\Editor\VisualScripting.Core\Dependencies\YamlDotNet\Unity.VisualScripting.YamlDotNet.dll
Symbol file LoadedFromMemory doesn't match image C:\Users\Josh Zeller\GameDevGroup8\Library\PackageCache\com.unity.visualscripting@1.8.0\Editor\VisualScripting.Core\Dependencies\DotNetZip\Unity.VisualScripting.IonicZip.dll
- Loaded All Assemblies, in  0.580 seconds
Refreshing native plugins compatible for Editor in 3.51 ms, found 3 plugins.
Native extension for WindowsStandalone target not found
[Package Manager] Server::EnsureServerProcessIsRunning -- launch failed, reason: Unity was launched with the -noUpm command-line argument
[Package Manager] UpmClient::Send -- Unable to send message (not connected to UPM process).
[Package Manager] Cannot connect to Unity Package Manager local server
Mono: successfully reloaded assembly
- Finished resetting the current domain, in  0.901 seconds
Domain Reload Profiling: 1480ms
	BeginReloadAssembly (147ms)
		ExecutionOrderSort (0ms)
		DisableScriptedObjects (5ms)
		BackupInstance (0ms)
		ReleaseScriptingObjects (0ms)
		CreateAndSetChildDomain (34ms)
	RebuildCommonClasses (26ms)
	RebuildNativeTypeToScriptingClass (9ms)
	initialDomainReloadingComplete (21ms)
	LoadAllAssembliesAndSetupDomain (375ms)
		LoadAssemblies (235ms)
		RebuildTransferFunctionScriptingTraits (0ms)
		AnalyzeDomain (217ms)
			TypeCache.Refresh (211ms)
				TypeCache.ScanAssembly (200ms)
			ScanForSourceGeneratedMonoScriptInfo (0ms)
			ResolveRequiredComponents (5ms)
	FinalizeReload (901ms)
		ReleaseScriptCaches (0ms)
		RebuildScriptCaches (0ms)
		SetupLoadedEditorAssemblies (335ms)
			LogAssemblyErrors (0ms)
			InitializePlatformSupportModulesInManaged (3ms)
			SetLoadedEditorAssemblies (3ms)
			RefreshPlugins (0ms)
			BeforeProcessingInitializeOnLoad (50ms)
			ProcessInitializeOnLoadAttributes (264ms)
			ProcessInitializeOnLoadMethodAttributes (13ms)
			AfterProcessingInitializeOnLoad (2ms)
			EditorAssembliesLoaded (0ms)
		ExecutionOrderSort2 (0ms)
		AwakeInstancesAfterBackupRestoration (4ms)
Refreshing native plugins compatible for Editor in 3.09 ms, found 3 plugins.
Preloading 0 native plugins for Editor in 0.00 ms.
Unloading 3696 Unused Serialized files (Serialized files now loaded: 0)
Unloading 29 unused Assets / (105.0 KB). Loaded Objects now: 4242.
Memory consumption went from 135.9 MB to 135.8 MB.
Total: 2.910000 ms (FindLiveObjects: 0.232000 ms CreateObjectMapping: 0.170500 ms MarkObjects: 2.444600 ms  DeleteObjects: 0.062300 ms)

Prepare: number of updated asset objects reloaded= 0
AssetImportParameters requested are different than current active one (requested -> active):
  custom:scripting/monoscript/fileName/EnemyBehavior.cs: c93aa79a3e526684326625364a51285c -> 4377b9e3915ea66213e6ffffac4c3dc6
  custom:container-demuxer-ogg: 62fdf1f143b41e24485cea50d1cbac27 -> 
  custom:video-codec-MediaFoundation-h265: 746d11721c4dcdbdad8f713fa42b33f4 -> 
  custom:video-decoder-ogg-theora: a1e56fd34408186e4bbccfd4996cb3dc -> 
  custom:framework-win-MediaFoundation: 216162199b28c13a410421893ffa2e32 -> 
  custom:CustomObjectIndexerAttribute: 756ad292c208cfabdd7b50bc23989ffe -> 
  custom:container-demuxer-webm: 4f35f7cbe854078d1ac9338744f61a02 -> 
  custom:container-muxer-webm: aa71ff27fc2769a1b78a27578f13a17b -> 
  custom:video-decoder-webm-vp8: 9c59270c3fd7afecdb556c50c9e8de78 -> 
  custom:AudioImporter_EditorPlatform: d09bf68614088b80899f8185d706f6e7 -> 
  custom:scripting/monoscript/fileName/EnemyBehaviorProjectile.cs: 6e129a811c1fe38cf4e9fd0e22c50857 -> 
  custom:video-encoder-webm-vp8: eb34c28f22e8b96e1ab97ce403110664 -> 
  custom:audio-decoder-ogg-vorbis: bf7c407c2cedff20999df2af8eb42d56 -> 
  custom:audio-encoder-webm-vorbis: bf7c407c2cedff20999df2af8eb42d56 -> 
========================================================================
Received Import Request.
  Time since last request: 51.519048 seconds.
  path: Assets/FX/Smoke2 1.mat
  artifactKey: Guid(5a84ffb671c758c4db8c0aa07d62930f) Importer(815301076,1909f56bfc062723c751e8b465ee728b)
Start importing Assets/FX/Smoke2 1.mat using Guid(5a84ffb671c758c4db8c0aa07d62930f) Importer(815301076,1909f56bfc062723c751e8b465ee728b)  -> (artifact id: '0d0c47206a01502f473316ea98349dfc') in 0.052968 seconds
Number of updated asset objects reloaded before import = 0
Number of asset objects unloaded after import = 1
========================================================================
Received Import Request.
  Time since last request: 0.000019 seconds.
  path: Assets/FX/Smoke6 1.mat
  artifactKey: Guid(fe215c01e2df36c428a188afb9992d32) Importer(815301076,1909f56bfc062723c751e8b465ee728b)
Start importing Assets/FX/Smoke6 1.mat using Guid(fe215c01e2df36c428a188afb9992d32) Importer(815301076,1909f56bfc062723c751e8b465ee728b)  -> (artifact id: 'b09e5e61805405b0e3a7ffec54faf815') in 0.005231 seconds
Number of updated asset objects reloaded before import = 0
Number of asset objects unloaded after import = 1
========================================================================
Received Import Request.
  Time since last request: 8.173118 seconds.
  path: Assets/FX/fire_anim_sheet1.png
  artifactKey: Guid(40af9472b49537b41b681a415ffc3605) Importer(815301076,1909f56bfc062723c751e8b465ee728b)
Start importing Assets/FX/fire_anim_sheet1.png using Guid(40af9472b49537b41b681a415ffc3605) Importer(815301076,1909f56bfc062723c751e8b465ee728b)  -> (artifact id: '62c6c4a9a732fed133ab213dd4c83359') in 0.016139 seconds
Number of updated asset objects reloaded before import = 0
Number of asset objects unloaded after import = 2
========================================================================
Received Import Request.
  Time since last request: 73.533608 seconds.
  path: Assets/FX/smoke_particle.png
  artifactKey: Guid(42b52a26f03a6bd4284ff9f026e77aa6) Importer(815301076,1909f56bfc062723c751e8b465ee728b)
Start importing Assets/FX/smoke_particle.png using Guid(42b52a26f03a6bd4284ff9f026e77aa6) Importer(815301076,1909f56bfc062723c751e8b465ee728b)  -> (artifact id: '2b253bbbf7490563b4a18230e86eac92') in 0.009787 seconds
Number of updated asset objects reloaded before import = 0
Number of asset objects unloaded after import = 2
========================================================================
Received Import Request.
  Time since last request: 11.070819 seconds.
  path: Assets/FX
  artifactKey: Guid(172985a4d28a7c54faa86af39b55f2f8) Importer(815301076,1909f56bfc062723c751e8b465ee728b)
Start importing Assets/FX using Guid(172985a4d28a7c54faa86af39b55f2f8) Importer(815301076,1909f56bfc062723c751e8b465ee728b)  -> (artifact id: '2bd4cf78cdce2a06f61d343b09c78a32') in 0.000614 seconds
Number of updated asset objects reloaded before import = 0
Number of asset objects unloaded after import = 0
========================================================================
Received Import Request.
  Time since last request: 5.570312 seconds.
  path: Assets/FX/Smoke1.mat
  artifactKey: Guid(8e855c11bb6035b449f4bb48df398c49) Importer(815301076,1909f56bfc062723c751e8b465ee728b)
Start importing Assets/FX/Smoke1.mat using Guid(8e855c11bb6035b449f4bb48df398c49) Importer(815301076,1909f56bfc062723c751e8b465ee728b)  -> (artifact id: '73bea6770f6222722bda68f997dce9d3') in 0.023489 seconds
Number of updated asset objects reloaded before import = 0
Number of asset objects unloaded after import = 1
========================================================================
Received Import Request.
  Time since last request: 8.147132 seconds.
  path: Assets/TextMesh Pro/Examples & Extras/Textures/Brushed Metal 3.jpg
  artifactKey: Guid(f88677df267a41d6be1e7a6133e7d227) Importer(815301076,1909f56bfc062723c751e8b465ee728b)
Start importing Assets/TextMesh Pro/Examples & Extras/Textures/Brushed Metal 3.jpg using Guid(f88677df267a41d6be1e7a6133e7d227) Importer(815301076,1909f56bfc062723c751e8b465ee728b)  -> (artifact id: '70ea3b062151a62936e009fccd82be14') in 0.011419 seconds
Number of updated asset objects reloaded before import = 0
Number of asset objects unloaded after import = 2
========================================================================
Received Import Request.
  Time since last request: 0.483571 seconds.
  path: Assets/TextMesh Pro/Examples & Extras/Sprites/Default Sprites.png
  artifactKey: Guid(a0fc465d6cf04254a2938578735e2383) Importer(815301076,1909f56bfc062723c751e8b465ee728b)
Start importing Assets/TextMesh Pro/Examples & Extras/Sprites/Default Sprites.png using Guid(a0fc465d6cf04254a2938578735e2383) Importer(815301076,1909f56bfc062723c751e8b465ee728b)  -> (artifact id: 'f9690deda7717e452078977974286498') in 0.011946 seconds
Number of updated asset objects reloaded before import = 0
Number of asset objects unloaded after import = 2
========================================================================
Received Import Request.
  Time since last request: 0.755245 seconds.
  path: Assets/TextMesh Pro/Examples & Extras/Textures/Small Crate_diffuse.jpg
  artifactKey: Guid(602cb87b6a29443b8636370ea0751574) Importer(815301076,1909f56bfc062723c751e8b465ee728b)
Start importing Assets/TextMesh Pro/Examples & Extras/Textures/Small Crate_diffuse.jpg using Guid(602cb87b6a29443b8636370ea0751574) Importer(815301076,1909f56bfc062723c751e8b465ee728b)  -> (artifact id: '3ea3ab979f24e72775e11ff9bd21468d') in 0.011048 seconds
Number of updated asset objects reloaded before import = 0
Number of asset objects unloaded after import = 2
========================================================================
Received Import Request.
  Time since last request: 23.905465 seconds.
  path: Assets/prefabs/Volcano_Walker.prefab
  artifactKey: Guid(70dc2c35feb10cf46800a92899056ec4) Importer(815301076,1909f56bfc062723c751e8b465ee728b)
Start importing Assets/prefabs/Volcano_Walker.prefab using Guid(70dc2c35feb10cf46800a92899056ec4) Importer(815301076,1909f56bfc062723c751e8b465ee728b)  -> (artifact id: '78eca43a16dd2c8ba3cc472387858026') in 0.046649 seconds
Internal: There are remaining Allocations on the JobTempAlloc. This is a leak, and will impact performance
To Debug, run app with -diag-job-temp-memory-leak-validation cmd line argument. This will output the callstacks of the leaked allocations.
Number of updated asset objects reloaded before import = 0
Number of asset objects unloaded after import = 90
========================================================================
Received Import Request.
  Time since last request: 47.582385 seconds.
  path: Assets/FX/smoke_particle.png
  artifactKey: Guid(42b52a26f03a6bd4284ff9f026e77aa6) Importer(815301076,1909f56bfc062723c751e8b465ee728b)
Start importing Assets/FX/smoke_particle.png using Guid(42b52a26f03a6bd4284ff9f026e77aa6) Importer(815301076,1909f56bfc062723c751e8b465ee728b)  -> (artifact id: '814173015deaaaee192a608f794110ec') in 0.009882 seconds
Internal: There are remaining Allocations on the JobTempAlloc. This is a leak, and will impact performance
To Debug, run app with -diag-job-temp-memory-leak-validation cmd line argument. This will output the callstacks of the leaked allocations.
Number of updated asset objects reloaded before import = 0
Number of asset objects unloaded after import = 2
========================================================================
Received Import Request.
  Time since last request: 4.158526 seconds.
  path: Assets/FX/smoke_particle.png
  artifactKey: Guid(42b52a26f03a6bd4284ff9f026e77aa6) Importer(815301076,1909f56bfc062723c751e8b465ee728b)
Start importing Assets/FX/smoke_particle.png using Guid(42b52a26f03a6bd4284ff9f026e77aa6) Importer(815301076,1909f56bfc062723c751e8b465ee728b)  -> (artifact id: 'a468812cbf47bf6398856b9a5160d687') in 0.009569 seconds
Internal: There are remaining Allocations on the JobTempAlloc. This is a leak, and will impact performance
To Debug, run app with -diag-job-temp-memory-leak-validation cmd line argument. This will output the callstacks of the leaked allocations.
Number of updated asset objects reloaded before import = 0
Number of asset objects unloaded after import = 2
========================================================================
Received Import Request.
  Time since last request: 71.931023 seconds.
  path: Assets/FX/smoke_particle2.png
  artifactKey: Guid(3105aef3c922b044f8e02340bb9b4d4c) Importer(815301076,1909f56bfc062723c751e8b465ee728b)
Start importing Assets/FX/smoke_particle2.png using Guid(3105aef3c922b044f8e02340bb9b4d4c) Importer(815301076,1909f56bfc062723c751e8b465ee728b)  -> (artifact id: 'b066fc80daac7b8a280af5e31b2e59b7') in 0.010083 seconds
Internal: JobTempAlloc has allocations that are more than the maximum lifespan of 4 frames old - this is not allowed and likely a leak
To Debug, run app with -diag-job-temp-memory-leak-validation cmd line argument. This will output the callstacks of the leaked allocations.
Internal: There are remaining Allocations on the JobTempAlloc. This is a leak, and will impact performance
To Debug, run app with -diag-job-temp-memory-leak-validation cmd line argument. This will output the callstacks of the leaked allocations.
Number of updated asset objects reloaded before import = 0
Number of asset objects unloaded after import = 2
========================================================================
Received Import Request.
  Time since last request: 38.134945 seconds.
  path: Assets/FX/smoke_particle2.png
  artifactKey: Guid(3105aef3c922b044f8e02340bb9b4d4c) Importer(815301076,1909f56bfc062723c751e8b465ee728b)
Start importing Assets/FX/smoke_particle2.png using Guid(3105aef3c922b044f8e02340bb9b4d4c) Importer(815301076,1909f56bfc062723c751e8b465ee728b)  -> (artifact id: 'deccdc940102a15add89dbd9ed85bc1c') in 0.009662 seconds
Internal: There are remaining Allocations on the JobTempAlloc. This is a leak, and will impact performance
To Debug, run app with -diag-job-temp-memory-leak-validation cmd line argument. This will output the callstacks of the leaked allocations.
Number of updated asset objects reloaded before import = 0
Number of asset objects unloaded after import = 2
========================================================================
Received Import Request.
  Time since last request: 105.343588 seconds.
  path: Assets/FX/smoke_particle2.png
  artifactKey: Guid(3105aef3c922b044f8e02340bb9b4d4c) Importer(815301076,1909f56bfc062723c751e8b465ee728b)
Start importing Assets/FX/smoke_particle2.png using Guid(3105aef3c922b044f8e02340bb9b4d4c) Importer(815301076,1909f56bfc062723c751e8b465ee728b)  -> (artifact id: 'e6416dbedf812e40b3801836eb4d2be5') in 0.009936 seconds
Internal: There are remaining Allocations on the JobTempAlloc. This is a leak, and will impact performance
To Debug, run app with -diag-job-temp-memory-leak-validation cmd line argument. This will output the callstacks of the leaked allocations.
Number of updated asset objects reloaded before import = 0
Number of asset objects unloaded after import = 2
========================================================================
Received Import Request.
  Time since last request: 16.324695 seconds.
  path: Assets/FX/smoke_particle2.png
  artifactKey: Guid(3105aef3c922b044f8e02340bb9b4d4c) Importer(815301076,1909f56bfc062723c751e8b465ee728b)
Start importing Assets/FX/smoke_particle2.png using Guid(3105aef3c922b044f8e02340bb9b4d4c) Importer(815301076,1909f56bfc062723c751e8b465ee728b)  -> (artifact id: '2e9b1fe304615553eaf1557fed9d94c5') in 0.010472 seconds
Internal: There are remaining Allocations on the JobTempAlloc. This is a leak, and will impact performance
To Debug, run app with -diag-job-temp-memory-leak-validation cmd line argument. This will output the callstacks of the leaked allocations.
Number of updated asset objects reloaded before import = 0
Number of asset objects unloaded after import = 2
========================================================================
Received Import Request.
  Time since last request: 35.756038 seconds.
  path: Assets/FX/smoke_particle2.png
  artifactKey: Guid(3105aef3c922b044f8e02340bb9b4d4c) Importer(815301076,1909f56bfc062723c751e8b465ee728b)
Start importing Assets/FX/smoke_particle2.png using Guid(3105aef3c922b044f8e02340bb9b4d4c) Importer(815301076,1909f56bfc062723c751e8b465ee728b)  -> (artifact id: 'a3dbd05093ee5451e515c2e156868abe') in 0.011405 seconds
Internal: There are remaining Allocations on the JobTempAlloc. This is a leak, and will impact performance
To Debug, run app with -diag-job-temp-memory-leak-validation cmd line argument. This will output the callstacks of the leaked allocations.
Number of updated asset objects reloaded before import = 0
Number of asset objects unloaded after import = 2
========================================================================
Received Import Request.
  Time since last request: 20.408244 seconds.
  path: Assets/FX/smoke_particle2.png
  artifactKey: Guid(3105aef3c922b044f8e02340bb9b4d4c) Importer(815301076,1909f56bfc062723c751e8b465ee728b)
Start importing Assets/FX/smoke_particle2.png using Guid(3105aef3c922b044f8e02340bb9b4d4c) Importer(815301076,1909f56bfc062723c751e8b465ee728b)  -> (artifact id: '19c51d31d790aa997b15c96011bd8099') in 0.010271 seconds
Internal: There are remaining Allocations on the JobTempAlloc. This is a leak, and will impact performance
To Debug, run app with -diag-job-temp-memory-leak-validation cmd line argument. This will output the callstacks of the leaked allocations.
Number of updated asset objects reloaded before import = 0
Number of asset objects unloaded after import = 2
========================================================================
Received Import Request.
  Time since last request: 180.882735 seconds.
  path: Assets/FX/smoke_particle2.png
  artifactKey: Guid(3105aef3c922b044f8e02340bb9b4d4c) Importer(815301076,1909f56bfc062723c751e8b465ee728b)
Start importing Assets/FX/smoke_particle2.png using Guid(3105aef3c922b044f8e02340bb9b4d4c) Importer(815301076,1909f56bfc062723c751e8b465ee728b)  -> (artifact id: 'b052ab77072807b37ed59ad3bba2a19f') in 0.021160 seconds
Internal: There are remaining Allocations on the JobTempAlloc. This is a leak, and will impact performance
To Debug, run app with -diag-job-temp-memory-leak-validation cmd line argument. This will output the callstacks of the leaked allocations.
Number of updated asset objects reloaded before import = 0
Number of asset objects unloaded after import = 3
========================================================================
Received Import Request.
  Time since last request: 16.599584 seconds.
  path: Assets/FX/smoke_particle2.png
  artifactKey: Guid(3105aef3c922b044f8e02340bb9b4d4c) Importer(815301076,1909f56bfc062723c751e8b465ee728b)
Start importing Assets/FX/smoke_particle2.png using Guid(3105aef3c922b044f8e02340bb9b4d4c) Importer(815301076,1909f56bfc062723c751e8b465ee728b)  -> (artifact id: '7bc95446c85c92735e7cad1d30b24ce1') in 0.010160 seconds
Internal: There are remaining Allocations on the JobTempAlloc. This is a leak, and will impact performance
To Debug, run app with -diag-job-temp-memory-leak-validation cmd line argument. This will output the callstacks of the leaked allocations.
Number of updated asset objects reloaded before import = 0
Number of asset objects unloaded after import = 2
========================================================================
Received Import Request.
  Time since last request: 5.098069 seconds.
  path: Assets/FX/smoke_particle2.png
  artifactKey: Guid(3105aef3c922b044f8e02340bb9b4d4c) Importer(815301076,1909f56bfc062723c751e8b465ee728b)
Start importing Assets/FX/smoke_particle2.png using Guid(3105aef3c922b044f8e02340bb9b4d4c) Importer(815301076,1909f56bfc062723c751e8b465ee728b)  -> (artifact id: '1f46d24585a104c6a11eba4a7fd2e872') in 0.010096 seconds
Internal: There are remaining Allocations on the JobTempAlloc. This is a leak, and will impact performance
To Debug, run app with -diag-job-temp-memory-leak-validation cmd line argument. This will output the callstacks of the leaked allocations.
Number of updated asset objects reloaded before import = 0
Number of asset objects unloaded after import = 2
========================================================================
Received Import Request.
  Time since last request: 3.896760 seconds.
  path: Assets/FX/smoke_particle2.png
  artifactKey: Guid(3105aef3c922b044f8e02340bb9b4d4c) Importer(815301076,1909f56bfc062723c751e8b465ee728b)
Start importing Assets/FX/smoke_particle2.png using Guid(3105aef3c922b044f8e02340bb9b4d4c) Importer(815301076,1909f56bfc062723c751e8b465ee728b)  -> (artifact id: '2b1849715711f0de9c3e6c747439b742') in 0.009821 seconds
Internal: There are remaining Allocations on the JobTempAlloc. This is a leak, and will impact performance
To Debug, run app with -diag-job-temp-memory-leak-validation cmd line argument. This will output the callstacks of the leaked allocations.
Number of updated asset objects reloaded before import = 0
Number of asset objects unloaded after import = 2
========================================================================
Received Import Request.
  Time since last request: 5.951071 seconds.
  path: Assets/FX/smoke_particle2.png
  artifactKey: Guid(3105aef3c922b044f8e02340bb9b4d4c) Importer(815301076,1909f56bfc062723c751e8b465ee728b)
Start importing Assets/FX/smoke_particle2.png using Guid(3105aef3c922b044f8e02340bb9b4d4c) Importer(815301076,1909f56bfc062723c751e8b465ee728b)  -> (artifact id: 'c86924db940574c592cb9f3cc939379d') in 0.009510 seconds
Internal: There are remaining Allocations on the JobTempAlloc. This is a leak, and will impact performance
To Debug, run app with -diag-job-temp-memory-leak-validation cmd line argument. This will output the callstacks of the leaked allocations.
Number of updated asset objects reloaded before import = 0
Number of asset objects unloaded after import = 2
========================================================================
Received Import Request.
  Time since last request: 8.135483 seconds.
  path: Assets/FX/smoke_particle2.png
  artifactKey: Guid(3105aef3c922b044f8e02340bb9b4d4c) Importer(815301076,1909f56bfc062723c751e8b465ee728b)
Start importing Assets/FX/smoke_particle2.png using Guid(3105aef3c922b044f8e02340bb9b4d4c) Importer(815301076,1909f56bfc062723c751e8b465ee728b)  -> (artifact id: '90804387e6bfa8f89f3c881aa044bec9') in 0.010280 seconds
Internal: There are remaining Allocations on the JobTempAlloc. This is a leak, and will impact performance
To Debug, run app with -diag-job-temp-memory-leak-validation cmd line argument. This will output the callstacks of the leaked allocations.
Number of updated asset objects reloaded before import = 0
Number of asset objects unloaded after import = 2
========================================================================
Received Import Request.
  Time since last request: 11.067013 seconds.
  path: Assets/FX/smoke_particle2.png
  artifactKey: Guid(3105aef3c922b044f8e02340bb9b4d4c) Importer(815301076,1909f56bfc062723c751e8b465ee728b)
Start importing Assets/FX/smoke_particle2.png using Guid(3105aef3c922b044f8e02340bb9b4d4c) Importer(815301076,1909f56bfc062723c751e8b465ee728b)  -> (artifact id: 'b10a6562139b3dacfbde0ee431bfd813') in 0.009860 seconds
Internal: There are remaining Allocations on the JobTempAlloc. This is a leak, and will impact performance
To Debug, run app with -diag-job-temp-memory-leak-validation cmd line argument. This will output the callstacks of the leaked allocations.
Number of updated asset objects reloaded before import = 0
Number of asset objects unloaded after import = 2
========================================================================
Received Import Request.
  Time since last request: 114.712607 seconds.
  path: Assets/FX/smoke_particle2.png
  artifactKey: Guid(3105aef3c922b044f8e02340bb9b4d4c) Importer(815301076,1909f56bfc062723c751e8b465ee728b)
Start importing Assets/FX/smoke_particle2.png using Guid(3105aef3c922b044f8e02340bb9b4d4c) Importer(815301076,1909f56bfc062723c751e8b465ee728b)  -> (artifact id: '19031d864307946cfb05d31db7888e40') in 0.011213 seconds
Internal: There are remaining Allocations on the JobTempAlloc. This is a leak, and will impact performance
To Debug, run app with -diag-job-temp-memory-leak-validation cmd line argument. This will output the callstacks of the leaked allocations.
Number of updated asset objects reloaded before import = 0
Number of asset objects unloaded after import = 2
========================================================================
Received Import Request.
  Time since last request: 7.081174 seconds.
  path: Assets/FX/smoke_particle2.png
  artifactKey: Guid(3105aef3c922b044f8e02340bb9b4d4c) Importer(815301076,1909f56bfc062723c751e8b465ee728b)
Start importing Assets/FX/smoke_particle2.png using Guid(3105aef3c922b044f8e02340bb9b4d4c) Importer(815301076,1909f56bfc062723c751e8b465ee728b)  -> (artifact id: '42388dfb5dc26227ef2bdaec700e8d4e') in 0.010507 seconds
Internal: There are remaining Allocations on the JobTempAlloc. This is a leak, and will impact performance
To Debug, run app with -diag-job-temp-memory-leak-validation cmd line argument. This will output the callstacks of the leaked allocations.
Number of updated asset objects reloaded before import = 0
Number of asset objects unloaded after import = 2
========================================================================
Received Import Request.
  Time since last request: 53.911522 seconds.
  path: Assets/FX/smoke_particle2.png
  artifactKey: Guid(3105aef3c922b044f8e02340bb9b4d4c) Importer(815301076,1909f56bfc062723c751e8b465ee728b)
Start importing Assets/FX/smoke_particle2.png using Guid(3105aef3c922b044f8e02340bb9b4d4c) Importer(815301076,1909f56bfc062723c751e8b465ee728b)  -> (artifact id: '19c23a87a64eed745ec315153cbaea50') in 0.010987 seconds
Internal: There are remaining Allocations on the JobTempAlloc. This is a leak, and will impact performance
To Debug, run app with -diag-job-temp-memory-leak-validation cmd line argument. This will output the callstacks of the leaked allocations.
Number of updated asset objects reloaded before import = 0
Number of asset objects unloaded after import = 2
========================================================================
Received Import Request.
  Time since last request: 3.336716 seconds.
  path: Assets/FX/smoke_particle2.png
  artifactKey: Guid(3105aef3c922b044f8e02340bb9b4d4c) Importer(815301076,1909f56bfc062723c751e8b465ee728b)
Start importing Assets/FX/smoke_particle2.png using Guid(3105aef3c922b044f8e02340bb9b4d4c) Importer(815301076,1909f56bfc062723c751e8b465ee728b)  -> (artifact id: '586954115d561a4fd3909f268a10db88') in 0.010247 seconds
Internal: There are remaining Allocations on the JobTempAlloc. This is a leak, and will impact performance
To Debug, run app with -diag-job-temp-memory-leak-validation cmd line argument. This will output the callstacks of the leaked allocations.
Number of updated asset objects reloaded before import = 0
Number of asset objects unloaded after import = 2
========================================================================
Received Prepare
Begin MonoManager ReloadAssembly
Symbol file LoadedFromMemory doesn't match image C:\Users\Josh Zeller\GameDevGroup8\Library\PackageCache\com.unity.visualscripting@1.8.0\Editor\VisualScripting.Core\Dependencies\YamlDotNet\Unity.VisualScripting.YamlDotNet.dll
Symbol file LoadedFromMemory doesn't match image C:\Users\Josh Zeller\GameDevGroup8\Library\PackageCache\com.unity.visualscripting@1.8.0\Editor\VisualScripting.Core\Dependencies\DotNetZip\Unity.VisualScripting.IonicZip.dll
- Loaded All Assemblies, in  0.514 seconds
Refreshing native plugins compatible for Editor in 2.89 ms, found 3 plugins.
Native extension for WindowsStandalone target not found
[Package Manager] Server::EnsureServerProcessIsRunning -- launch failed, reason: Unity was launched with the -noUpm command-line argument
[Package Manager] UpmClient::Send -- Unable to send message (not connected to UPM process).
[Package Manager] Cannot connect to Unity Package Manager local server
Mono: successfully reloaded assembly
- Finished resetting the current domain, in  0.834 seconds
Domain Reload Profiling: 1347ms
	BeginReloadAssembly (126ms)
		ExecutionOrderSort (0ms)
		DisableScriptedObjects (4ms)
		BackupInstance (0ms)
		ReleaseScriptingObjects (0ms)
		CreateAndSetChildDomain (34ms)
	RebuildCommonClasses (28ms)
	RebuildNativeTypeToScriptingClass (7ms)
	initialDomainReloadingComplete (20ms)
	LoadAllAssembliesAndSetupDomain (331ms)
		LoadAssemblies (196ms)
		RebuildTransferFunctionScriptingTraits (0ms)
		AnalyzeDomain (195ms)
			TypeCache.Refresh (190ms)
				TypeCache.ScanAssembly (181ms)
			ScanForSourceGeneratedMonoScriptInfo (0ms)
			ResolveRequiredComponents (5ms)
	FinalizeReload (834ms)
		ReleaseScriptCaches (0ms)
		RebuildScriptCaches (0ms)
		SetupLoadedEditorAssemblies (375ms)
			LogAssemblyErrors (0ms)
			InitializePlatformSupportModulesInManaged (3ms)
			SetLoadedEditorAssemblies (4ms)
			RefreshPlugins (0ms)
			BeforeProcessingInitializeOnLoad (57ms)
			ProcessInitializeOnLoadAttributes (292ms)
			ProcessInitializeOnLoadMethodAttributes (15ms)
			AfterProcessingInitializeOnLoad (3ms)
			EditorAssembliesLoaded (0ms)
		ExecutionOrderSort2 (0ms)
		AwakeInstancesAfterBackupRestoration (7ms)
Refreshing native plugins compatible for Editor in 3.61 ms, found 3 plugins.
Preloading 0 native plugins for Editor in 0.00 ms.
Unloading 3696 Unused Serialized files (Serialized files now loaded: 0)
Unloading 24 unused Assets / (102.4 KB). Loaded Objects now: 4263.
Memory consumption went from 137.7 MB to 137.6 MB.
Total: 3.101400 ms (FindLiveObjects: 0.281100 ms CreateObjectMapping: 0.151800 ms MarkObjects: 2.585600 ms  DeleteObjects: 0.082300 ms)

Prepare: number of updated asset objects reloaded= 0
AssetImportParameters requested are different than current active one (requested -> active):
  custom:scripting/monoscript/fileName/EnemyBehavior.cs: c93aa79a3e526684326625364a51285c -> 4377b9e3915ea66213e6ffffac4c3dc6
  custom:container-demuxer-ogg: 62fdf1f143b41e24485cea50d1cbac27 -> 
  custom:video-codec-MediaFoundation-h265: 746d11721c4dcdbdad8f713fa42b33f4 -> 
  custom:video-decoder-ogg-theora: a1e56fd34408186e4bbccfd4996cb3dc -> 
  custom:framework-win-MediaFoundation: 216162199b28c13a410421893ffa2e32 -> 
  custom:CustomObjectIndexerAttribute: 756ad292c208cfabdd7b50bc23989ffe -> 
  custom:container-demuxer-webm: 4f35f7cbe854078d1ac9338744f61a02 -> 
  custom:container-muxer-webm: aa71ff27fc2769a1b78a27578f13a17b -> 
  custom:video-decoder-webm-vp8: 9c59270c3fd7afecdb556c50c9e8de78 -> 
  custom:AudioImporter_EditorPlatform: d09bf68614088b80899f8185d706f6e7 -> 
  custom:scripting/monoscript/fileName/EnemyBehaviorProjectile.cs: 6e129a811c1fe38cf4e9fd0e22c50857 -> 
  custom:video-encoder-webm-vp8: eb34c28f22e8b96e1ab97ce403110664 -> 
  custom:audio-decoder-ogg-vorbis: bf7c407c2cedff20999df2af8eb42d56 -> 
  custom:audio-encoder-webm-vorbis: bf7c407c2cedff20999df2af8eb42d56 -> 
========================================================================
Received Import Request.
  Time since last request: 26.303801 seconds.
  path: Assets/FX/Smoke1.mat
  artifactKey: Guid(8e855c11bb6035b449f4bb48df398c49) Importer(815301076,1909f56bfc062723c751e8b465ee728b)
Start importing Assets/FX/Smoke1.mat using Guid(8e855c11bb6035b449f4bb48df398c49) Importer(815301076,1909f56bfc062723c751e8b465ee728b)  -> (artifact id: '434fc27d957741c2b800847209d1b999') in 0.141735 seconds
Number of updated asset objects reloaded before import = 0
Number of asset objects unloaded after import = 2
========================================================================
Received Prepare
Begin MonoManager ReloadAssembly
Symbol file LoadedFromMemory doesn't match image C:\Users\Josh Zeller\GameDevGroup8\Library\PackageCache\com.unity.visualscripting@1.8.0\Editor\VisualScripting.Core\Dependencies\YamlDotNet\Unity.VisualScripting.YamlDotNet.dll
Symbol file LoadedFromMemory doesn't match image C:\Users\Josh Zeller\GameDevGroup8\Library\PackageCache\com.unity.visualscripting@1.8.0\Editor\VisualScripting.Core\Dependencies\DotNetZip\Unity.VisualScripting.IonicZip.dll
- Loaded All Assemblies, in  0.506 seconds
Refreshing native plugins compatible for Editor in 3.23 ms, found 3 plugins.
Native extension for WindowsStandalone target not found
[Package Manager] Server::EnsureServerProcessIsRunning -- launch failed, reason: Unity was launched with the -noUpm command-line argument
[Package Manager] UpmClient::Send -- Unable to send message (not connected to UPM process).
[Package Manager] Cannot connect to Unity Package Manager local server
Mono: successfully reloaded assembly
- Finished resetting the current domain, in  0.785 seconds
Domain Reload Profiling: 1289ms
	BeginReloadAssembly (124ms)
		ExecutionOrderSort (0ms)
		DisableScriptedObjects (3ms)
		BackupInstance (0ms)
		ReleaseScriptingObjects (0ms)
		CreateAndSetChildDomain (33ms)
	RebuildCommonClasses (24ms)
	RebuildNativeTypeToScriptingClass (7ms)
	initialDomainReloadingComplete (19ms)
	LoadAllAssembliesAndSetupDomain (330ms)
		LoadAssemblies (200ms)
		RebuildTransferFunctionScriptingTraits (0ms)
		AnalyzeDomain (188ms)
			TypeCache.Refresh (184ms)
				TypeCache.ScanAssembly (176ms)
			ScanForSourceGeneratedMonoScriptInfo (0ms)
			ResolveRequiredComponents (4ms)
	FinalizeReload (786ms)
		ReleaseScriptCaches (0ms)
		RebuildScriptCaches (0ms)
		SetupLoadedEditorAssemblies (361ms)
			LogAssemblyErrors (0ms)
			InitializePlatformSupportModulesInManaged (4ms)
			SetLoadedEditorAssemblies (5ms)
			RefreshPlugins (0ms)
			BeforeProcessingInitializeOnLoad (54ms)
			ProcessInitializeOnLoadAttributes (280ms)
			ProcessInitializeOnLoadMethodAttributes (16ms)
			AfterProcessingInitializeOnLoad (2ms)
			EditorAssembliesLoaded (0ms)
		ExecutionOrderSort2 (0ms)
		AwakeInstancesAfterBackupRestoration (6ms)
Refreshing native plugins compatible for Editor in 3.80 ms, found 3 plugins.
Preloading 0 native plugins for Editor in 0.00 ms.
Unloading 3696 Unused Serialized files (Serialized files now loaded: 0)
Unloading 24 unused Assets / (102.4 KB). Loaded Objects now: 4278.
Memory consumption went from 137.8 MB to 137.7 MB.
Total: 3.297600 ms (FindLiveObjects: 0.315700 ms CreateObjectMapping: 0.117200 ms MarkObjects: 2.804900 ms  DeleteObjects: 0.059200 ms)

Prepare: number of updated asset objects reloaded= 0
AssetImportParameters requested are different than current active one (requested -> active):
  custom:scripting/monoscript/fileName/EnemyBehavior.cs: c93aa79a3e526684326625364a51285c -> 4377b9e3915ea66213e6ffffac4c3dc6
  custom:container-demuxer-ogg: 62fdf1f143b41e24485cea50d1cbac27 -> 
  custom:video-codec-MediaFoundation-h265: 746d11721c4dcdbdad8f713fa42b33f4 -> 
  custom:video-decoder-ogg-theora: a1e56fd34408186e4bbccfd4996cb3dc -> 
  custom:framework-win-MediaFoundation: 216162199b28c13a410421893ffa2e32 -> 
  custom:CustomObjectIndexerAttribute: 756ad292c208cfabdd7b50bc23989ffe -> 
  custom:container-demuxer-webm: 4f35f7cbe854078d1ac9338744f61a02 -> 
  custom:container-muxer-webm: aa71ff27fc2769a1b78a27578f13a17b -> 
  custom:video-decoder-webm-vp8: 9c59270c3fd7afecdb556c50c9e8de78 -> 
  custom:AudioImporter_EditorPlatform: d09bf68614088b80899f8185d706f6e7 -> 
  custom:scripting/monoscript/fileName/EnemyBehaviorProjectile.cs: 6e129a811c1fe38cf4e9fd0e22c50857 -> 
  custom:video-encoder-webm-vp8: eb34c28f22e8b96e1ab97ce403110664 -> 
  custom:audio-decoder-ogg-vorbis: bf7c407c2cedff20999df2af8eb42d56 -> 
  custom:audio-encoder-webm-vorbis: bf7c407c2cedff20999df2af8eb42d56 -> 
========================================================================
Received Import Request.
  Time since last request: 57.125080 seconds.
  path: Assets/characters/volcano_walker/VolcanoProjectile.prefab
  artifactKey: Guid(754a72352abccb840b46b5d88264140b) Importer(815301076,1909f56bfc062723c751e8b465ee728b)
Start importing Assets/characters/volcano_walker/VolcanoProjectile.prefab using Guid(754a72352abccb840b46b5d88264140b) Importer(815301076,1909f56bfc062723c751e8b465ee728b)  -> (artifact id: '8e05232f2a0ae6da25a630994b69d401') in 0.062964 seconds
Number of updated asset objects reloaded before import = 0
Number of asset objects unloaded after import = 16
========================================================================
Received Prepare
Begin MonoManager ReloadAssembly
Symbol file LoadedFromMemory doesn't match image C:\Users\Josh Zeller\GameDevGroup8\Library\PackageCache\com.unity.visualscripting@1.8.0\Editor\VisualScripting.Core\Dependencies\YamlDotNet\Unity.VisualScripting.YamlDotNet.dll
Symbol file LoadedFromMemory doesn't match image C:\Users\Josh Zeller\GameDevGroup8\Library\PackageCache\com.unity.visualscripting@1.8.0\Editor\VisualScripting.Core\Dependencies\DotNetZip\Unity.VisualScripting.IonicZip.dll
- Loaded All Assemblies, in  0.524 seconds
Refreshing native plugins compatible for Editor in 2.65 ms, found 3 plugins.
Native extension for WindowsStandalone target not found
[Package Manager] Server::EnsureServerProcessIsRunning -- launch failed, reason: Unity was launched with the -noUpm command-line argument
[Package Manager] UpmClient::Send -- Unable to send message (not connected to UPM process).
[Package Manager] Cannot connect to Unity Package Manager local server
Mono: successfully reloaded assembly
- Finished resetting the current domain, in  0.813 seconds
Domain Reload Profiling: 1336ms
	BeginReloadAssembly (134ms)
		ExecutionOrderSort (0ms)
		DisableScriptedObjects (4ms)
		BackupInstance (0ms)
		ReleaseScriptingObjects (0ms)
		CreateAndSetChildDomain (33ms)
	RebuildCommonClasses (23ms)
	RebuildNativeTypeToScriptingClass (9ms)
	initialDomainReloadingComplete (19ms)
	LoadAllAssembliesAndSetupDomain (338ms)
		LoadAssemblies (210ms)
		RebuildTransferFunctionScriptingTraits (0ms)
		AnalyzeDomain (193ms)
			TypeCache.Refresh (190ms)
				TypeCache.ScanAssembly (180ms)
			ScanForSourceGeneratedMonoScriptInfo (0ms)
			ResolveRequiredComponents (4ms)
	FinalizeReload (814ms)
		ReleaseScriptCaches (0ms)
		RebuildScriptCaches (0ms)
		SetupLoadedEditorAssemblies (381ms)
			LogAssemblyErrors (0ms)
			InitializePlatformSupportModulesInManaged (3ms)
			SetLoadedEditorAssemblies (4ms)
			RefreshPlugins (0ms)
			BeforeProcessingInitializeOnLoad (56ms)
			ProcessInitializeOnLoadAttributes (300ms)
			ProcessInitializeOnLoadMethodAttributes (16ms)
			AfterProcessingInitializeOnLoad (2ms)
			EditorAssembliesLoaded (0ms)
		ExecutionOrderSort2 (0ms)
		AwakeInstancesAfterBackupRestoration (6ms)
Refreshing native plugins compatible for Editor in 3.93 ms, found 3 plugins.
Preloading 0 native plugins for Editor in 0.00 ms.
Unloading 3696 Unused Serialized files (Serialized files now loaded: 0)
Unloading 24 unused Assets / (102.4 KB). Loaded Objects now: 4293.
Memory consumption went from 137.8 MB to 137.7 MB.
Total: 3.259400 ms (FindLiveObjects: 0.239500 ms CreateObjectMapping: 0.082300 ms MarkObjects: 2.877500 ms  DeleteObjects: 0.059400 ms)

Prepare: number of updated asset objects reloaded= 0
AssetImportParameters requested are different than current active one (requested -> active):
  custom:scripting/monoscript/fileName/EnemyBehavior.cs: c93aa79a3e526684326625364a51285c -> 4377b9e3915ea66213e6ffffac4c3dc6
  custom:container-demuxer-ogg: 62fdf1f143b41e24485cea50d1cbac27 -> 
  custom:video-codec-MediaFoundation-h265: 746d11721c4dcdbdad8f713fa42b33f4 -> 
  custom:video-decoder-ogg-theora: a1e56fd34408186e4bbccfd4996cb3dc -> 
  custom:framework-win-MediaFoundation: 216162199b28c13a410421893ffa2e32 -> 
  custom:CustomObjectIndexerAttribute: 756ad292c208cfabdd7b50bc23989ffe -> 
  custom:container-demuxer-webm: 4f35f7cbe854078d1ac9338744f61a02 -> 
  custom:container-muxer-webm: aa71ff27fc2769a1b78a27578f13a17b -> 
  custom:video-decoder-webm-vp8: 9c59270c3fd7afecdb556c50c9e8de78 -> 
  custom:AudioImporter_EditorPlatform: d09bf68614088b80899f8185d706f6e7 -> 
  custom:scripting/monoscript/fileName/EnemyBehaviorProjectile.cs: 6e129a811c1fe38cf4e9fd0e22c50857 -> 
  custom:video-encoder-webm-vp8: eb34c28f22e8b96e1ab97ce403110664 -> 
  custom:audio-decoder-ogg-vorbis: bf7c407c2cedff20999df2af8eb42d56 -> 
  custom:audio-encoder-webm-vorbis: bf7c407c2cedff20999df2af8eb42d56 -> 
========================================================================
Received Import Request.
  Time since last request: 32.297997 seconds.
  path: Assets/characters/volcano_walker/VolcanoProjectile.prefab
  artifactKey: Guid(754a72352abccb840b46b5d88264140b) Importer(815301076,1909f56bfc062723c751e8b465ee728b)
Start importing Assets/characters/volcano_walker/VolcanoProjectile.prefab using Guid(754a72352abccb840b46b5d88264140b) Importer(815301076,1909f56bfc062723c751e8b465ee728b)  -> (artifact id: '369dbc6ee4d02d8040cad9b00536aabf') in 0.057044 seconds
Number of updated asset objects reloaded before import = 0
Number of asset objects unloaded after import = 16
========================================================================
Received Prepare
Begin MonoManager ReloadAssembly
Symbol file LoadedFromMemory doesn't match image C:\Users\Josh Zeller\GameDevGroup8\Library\PackageCache\com.unity.visualscripting@1.8.0\Editor\VisualScripting.Core\Dependencies\YamlDotNet\Unity.VisualScripting.YamlDotNet.dll
Symbol file LoadedFromMemory doesn't match image C:\Users\Josh Zeller\GameDevGroup8\Library\PackageCache\com.unity.visualscripting@1.8.0\Editor\VisualScripting.Core\Dependencies\DotNetZip\Unity.VisualScripting.IonicZip.dll
- Loaded All Assemblies, in  0.497 seconds
Refreshing native plugins compatible for Editor in 2.88 ms, found 3 plugins.
Native extension for WindowsStandalone target not found
[Package Manager] Server::EnsureServerProcessIsRunning -- launch failed, reason: Unity was launched with the -noUpm command-line argument
[Package Manager] UpmClient::Send -- Unable to send message (not connected to UPM process).
[Package Manager] Cannot connect to Unity Package Manager local server
Mono: successfully reloaded assembly
- Finished resetting the current domain, in  0.786 seconds
Domain Reload Profiling: 1282ms
	BeginReloadAssembly (119ms)
		ExecutionOrderSort (0ms)
		DisableScriptedObjects (3ms)
		BackupInstance (0ms)
		ReleaseScriptingObjects (0ms)
		CreateAndSetChildDomain (31ms)
	RebuildCommonClasses (25ms)
	RebuildNativeTypeToScriptingClass (9ms)
	initialDomainReloadingComplete (18ms)
	LoadAllAssembliesAndSetupDomain (325ms)
		LoadAssemblies (194ms)
		RebuildTransferFunctionScriptingTraits (0ms)
		AnalyzeDomain (186ms)
			TypeCache.Refresh (183ms)
				TypeCache.ScanAssembly (175ms)
			ScanForSourceGeneratedMonoScriptInfo (0ms)
			ResolveRequiredComponents (4ms)
	FinalizeReload (786ms)
		ReleaseScriptCaches (0ms)
		RebuildScriptCaches (0ms)
		SetupLoadedEditorAssemblies (373ms)
			LogAssemblyErrors (0ms)
			InitializePlatformSupportModulesInManaged (4ms)
			SetLoadedEditorAssemblies (4ms)
			RefreshPlugins (0ms)
			BeforeProcessingInitializeOnLoad (57ms)
			ProcessInitializeOnLoadAttributes (293ms)
			ProcessInitializeOnLoadMethodAttributes (14ms)
			AfterProcessingInitializeOnLoad (2ms)
			EditorAssembliesLoaded (0ms)
		ExecutionOrderSort2 (0ms)
		AwakeInstancesAfterBackupRestoration (5ms)
Refreshing native plugins compatible for Editor in 3.90 ms, found 3 plugins.
Preloading 0 native plugins for Editor in 0.00 ms.
Unloading 3696 Unused Serialized files (Serialized files now loaded: 0)
Unloading 24 unused Assets / (102.4 KB). Loaded Objects now: 4308.
Memory consumption went from 137.8 MB to 137.7 MB.
Total: 3.391500 ms (FindLiveObjects: 0.264800 ms CreateObjectMapping: 0.159900 ms MarkObjects: 2.904100 ms  DeleteObjects: 0.062200 ms)

Prepare: number of updated asset objects reloaded= 0
AssetImportParameters requested are different than current active one (requested -> active):
  custom:scripting/monoscript/fileName/EnemyBehavior.cs: c93aa79a3e526684326625364a51285c -> 4377b9e3915ea66213e6ffffac4c3dc6
  custom:container-demuxer-ogg: 62fdf1f143b41e24485cea50d1cbac27 -> 
  custom:video-codec-MediaFoundation-h265: 746d11721c4dcdbdad8f713fa42b33f4 -> 
  custom:video-decoder-ogg-theora: a1e56fd34408186e4bbccfd4996cb3dc -> 
  custom:framework-win-MediaFoundation: 216162199b28c13a410421893ffa2e32 -> 
  custom:CustomObjectIndexerAttribute: 756ad292c208cfabdd7b50bc23989ffe -> 
  custom:container-demuxer-webm: 4f35f7cbe854078d1ac9338744f61a02 -> 
  custom:container-muxer-webm: aa71ff27fc2769a1b78a27578f13a17b -> 
  custom:video-decoder-webm-vp8: 9c59270c3fd7afecdb556c50c9e8de78 -> 
  custom:AudioImporter_EditorPlatform: d09bf68614088b80899f8185d706f6e7 -> 
  custom:scripting/monoscript/fileName/EnemyBehaviorProjectile.cs: 6e129a811c1fe38cf4e9fd0e22c50857 -> 
  custom:video-encoder-webm-vp8: eb34c28f22e8b96e1ab97ce403110664 -> 
  custom:audio-decoder-ogg-vorbis: bf7c407c2cedff20999df2af8eb42d56 -> 
  custom:audio-encoder-webm-vorbis: bf7c407c2cedff20999df2af8eb42d56 -> 
========================================================================
Received Import Request.
  Time since last request: 109.093535 seconds.
  path: Assets/Structure/Materials
  artifactKey: Guid(441caa252188d6346926620e45872df6) Importer(815301076,1909f56bfc062723c751e8b465ee728b)
Start importing Assets/Structure/Materials using Guid(441caa252188d6346926620e45872df6) Importer(815301076,1909f56bfc062723c751e8b465ee728b)  -> (artifact id: '33deb9da3d8dc85f7710b57f1431b0ef') in 0.002286 seconds
Number of updated asset objects reloaded before import = 0
Number of asset objects unloaded after import = 0
========================================================================
Received Import Request.
  Time since last request: 0.086220 seconds.
  path: Assets/Structure/Materials/debug_checkerboard_grey.mat
  artifactKey: Guid(a56712b22654489478586b76c538c525) Importer(815301076,1909f56bfc062723c751e8b465ee728b)
Start importing Assets/Structure/Materials/debug_checkerboard_grey.mat using Guid(a56712b22654489478586b76c538c525) Importer(815301076,1909f56bfc062723c751e8b465ee728b)  -> (artifact id: '6421ca192dafac8ce2298c89acf6b764') in 0.055445 seconds
Number of updated asset objects reloaded before import = 0
Number of asset objects unloaded after import = 2
========================================================================
Received Import Request.
  Time since last request: 81.042398 seconds.
  path: Assets/characters/volcano_walker/VolcanoProjectile.prefab
  artifactKey: Guid(754a72352abccb840b46b5d88264140b) Importer(815301076,1909f56bfc062723c751e8b465ee728b)
Start importing Assets/characters/volcano_walker/VolcanoProjectile.prefab using Guid(754a72352abccb840b46b5d88264140b) Importer(815301076,1909f56bfc062723c751e8b465ee728b)  -> (artifact id: '643cc71d657ac2e0e58c9802d8964713') in 0.018839 seconds
Number of updated asset objects reloaded before import = 0
Number of asset objects unloaded after import = 16
========================================================================
Received Prepare
Begin MonoManager ReloadAssembly
Symbol file LoadedFromMemory doesn't match image C:\Users\Josh Zeller\GameDevGroup8\Library\PackageCache\com.unity.visualscripting@1.8.0\Editor\VisualScripting.Core\Dependencies\YamlDotNet\Unity.VisualScripting.YamlDotNet.dll
Symbol file LoadedFromMemory doesn't match image C:\Users\Josh Zeller\GameDevGroup8\Library\PackageCache\com.unity.visualscripting@1.8.0\Editor\VisualScripting.Core\Dependencies\DotNetZip\Unity.VisualScripting.IonicZip.dll
- Loaded All Assemblies, in  0.507 seconds
Refreshing native plugins compatible for Editor in 2.91 ms, found 3 plugins.
Native extension for WindowsStandalone target not found
[Package Manager] Server::EnsureServerProcessIsRunning -- launch failed, reason: Unity was launched with the -noUpm command-line argument
[Package Manager] UpmClient::Send -- Unable to send message (not connected to UPM process).
[Package Manager] Cannot connect to Unity Package Manager local server
Mono: successfully reloaded assembly
- Finished resetting the current domain, in  0.823 seconds
Domain Reload Profiling: 1329ms
	BeginReloadAssembly (125ms)
		ExecutionOrderSort (0ms)
		DisableScriptedObjects (3ms)
		BackupInstance (0ms)
		ReleaseScriptingObjects (0ms)
		CreateAndSetChildDomain (33ms)
	RebuildCommonClasses (27ms)
	RebuildNativeTypeToScriptingClass (12ms)
	initialDomainReloadingComplete (20ms)
	LoadAllAssembliesAndSetupDomain (322ms)
		LoadAssemblies (200ms)
		RebuildTransferFunctionScriptingTraits (0ms)
		AnalyzeDomain (182ms)
			TypeCache.Refresh (178ms)
				TypeCache.ScanAssembly (170ms)
			ScanForSourceGeneratedMonoScriptInfo (0ms)
			ResolveRequiredComponents (4ms)
	FinalizeReload (824ms)
		ReleaseScriptCaches (0ms)
		RebuildScriptCaches (0ms)
		SetupLoadedEditorAssemblies (395ms)
			LogAssemblyErrors (0ms)
			InitializePlatformSupportModulesInManaged (4ms)
			SetLoadedEditorAssemblies (4ms)
			RefreshPlugins (0ms)
			BeforeProcessingInitializeOnLoad (54ms)
			ProcessInitializeOnLoadAttributes (316ms)
			ProcessInitializeOnLoadMethodAttributes (15ms)
			AfterProcessingInitializeOnLoad (2ms)
			EditorAssembliesLoaded (0ms)
		ExecutionOrderSort2 (0ms)
		AwakeInstancesAfterBackupRestoration (5ms)
Refreshing native plugins compatible for Editor in 2.94 ms, found 3 plugins.
Preloading 0 native plugins for Editor in 0.00 ms.
Unloading 3696 Unused Serialized files (Serialized files now loaded: 0)
Unloading 24 unused Assets / (102.4 KB). Loaded Objects now: 4323.
Memory consumption went from 137.8 MB to 137.7 MB.
Total: 3.560600 ms (FindLiveObjects: 0.260800 ms CreateObjectMapping: 0.179300 ms MarkObjects: 3.062300 ms  DeleteObjects: 0.057500 ms)

Prepare: number of updated asset objects reloaded= 0
AssetImportParameters requested are different than current active one (requested -> active):
  custom:scripting/monoscript/fileName/EnemyBehavior.cs: c93aa79a3e526684326625364a51285c -> 4377b9e3915ea66213e6ffffac4c3dc6
  custom:container-demuxer-ogg: 62fdf1f143b41e24485cea50d1cbac27 -> 
  custom:video-codec-MediaFoundation-h265: 746d11721c4dcdbdad8f713fa42b33f4 -> 
  custom:video-decoder-ogg-theora: a1e56fd34408186e4bbccfd4996cb3dc -> 
  custom:framework-win-MediaFoundation: 216162199b28c13a410421893ffa2e32 -> 
  custom:CustomObjectIndexerAttribute: 756ad292c208cfabdd7b50bc23989ffe -> 
  custom:container-demuxer-webm: 4f35f7cbe854078d1ac9338744f61a02 -> 
  custom:container-muxer-webm: aa71ff27fc2769a1b78a27578f13a17b -> 
  custom:video-decoder-webm-vp8: 9c59270c3fd7afecdb556c50c9e8de78 -> 
  custom:AudioImporter_EditorPlatform: d09bf68614088b80899f8185d706f6e7 -> 
  custom:scripting/monoscript/fileName/EnemyBehaviorProjectile.cs: 6e129a811c1fe38cf4e9fd0e22c50857 -> 
  custom:video-encoder-webm-vp8: eb34c28f22e8b96e1ab97ce403110664 -> 
  custom:audio-decoder-ogg-vorbis: bf7c407c2cedff20999df2af8eb42d56 -> 
  custom:audio-encoder-webm-vorbis: bf7c407c2cedff20999df2af8eb42d56 -> 
