Using pre-set license
Built from '2022.3/staging' branch; Version is '2022.3.4f1 (35713cd46cd7) revision 3502396'; Using compiler version '192829333'; Build Type 'Release'
OS: 'Windows 11  (10.0.22621) 64bit Core' Language: 'en' Physical Memory: 65449 MB
BatchMode: 1, IsHumanControllingUs: 0, StartBugReporterOnCrash: 0, Is64bit: 1, IsPro: 1

COMMAND LINE ARGUMENTS:
E:\Unity\2022.3.4f1\Editor\Unity.exe
-adb2
-batchMode
-noUpm
-name
AssetImportWorker4
-projectPath
C:/Users/Josh Zeller/GameDevGroup8
-logFile
Logs/AssetImportWorker4.log
-srvPort
53694
Successfully changed project path to: C:/Users/Josh Zeller/GameDevGroup8
C:/Users/Josh Zeller/GameDevGroup8
[UnityMemory] Configuration Parameters - Can be set up in boot.config
    "memorysetup-bucket-allocator-granularity=16"
    "memorysetup-bucket-allocator-bucket-count=8"
    "memorysetup-bucket-allocator-block-size=33554432"
    "memorysetup-bucket-allocator-block-count=8"
    "memorysetup-main-allocator-block-size=16777216"
    "memorysetup-thread-allocator-block-size=16777216"
    "memorysetup-gfx-main-allocator-block-size=16777216"
    "memorysetup-gfx-thread-allocator-block-size=16777216"
    "memorysetup-cache-allocator-block-size=4194304"
    "memorysetup-typetree-allocator-block-size=2097152"
    "memorysetup-profiler-bucket-allocator-granularity=16"
    "memorysetup-profiler-bucket-allocator-bucket-count=8"
    "memorysetup-profiler-bucket-allocator-block-size=33554432"
    "memorysetup-profiler-bucket-allocator-block-count=8"
    "memorysetup-profiler-allocator-block-size=16777216"
    "memorysetup-profiler-editor-allocator-block-size=1048576"
    "memorysetup-temp-allocator-size-main=16777216"
    "memorysetup-job-temp-allocator-block-size=2097152"
    "memorysetup-job-temp-allocator-block-size-background=1048576"
    "memorysetup-job-temp-allocator-reduction-small-platforms=262144"
    "memorysetup-allocator-temp-initial-block-size-main=262144"
    "memorysetup-allocator-temp-initial-block-size-worker=262144"
    "memorysetup-temp-allocator-size-background-worker=32768"
    "memorysetup-temp-allocator-size-job-worker=262144"
    "memorysetup-temp-allocator-size-preload-manager=33554432"
    "memorysetup-temp-allocator-size-nav-mesh-worker=65536"
    "memorysetup-temp-allocator-size-audio-worker=65536"
    "memorysetup-temp-allocator-size-cloud-worker=32768"
    "memorysetup-temp-allocator-size-gi-baking-worker=262144"
    "memorysetup-temp-allocator-size-gfx=262144"
Player connection [24588] Host "[IP] 192.168.1.73 [Port] 0 [Flags] 2 [Guid] 863121873 [EditorId] 863121873 [Version] 1048832 [Id] WindowsEditor(7,QUALITY-GAMING-BEAST) [Debug] 1 [PackageName] WindowsEditor [ProjectName] Editor" joined multi-casting on [225.0.0.222:54997]...

Player connection [24588] Host "[IP] 192.168.1.73 [Port] 0 [Flags] 2 [Guid] 863121873 [EditorId] 863121873 [Version] 1048832 [Id] WindowsEditor(7,QUALITY-GAMING-BEAST) [Debug] 1 [PackageName] WindowsEditor [ProjectName] Editor" joined alternative multi-casting on [225.0.0.222:34997]...

Refreshing native plugins compatible for Editor in 9.48 ms, found 3 plugins.
Preloading 0 native plugins for Editor in 0.00 ms.
Initialize engine version: 2022.3.4f1 (35713cd46cd7)
[Subsystems] Discovering subsystems at path E:/Unity/2022.3.4f1/Editor/Data/Resources/UnitySubsystems
[Subsystems] Discovering subsystems at path C:/Users/Josh Zeller/GameDevGroup8/Assets
GfxDevice: creating device client; threaded=0; jobified=0
Direct3D:
    Version:  Direct3D 11.0 [level 11.1]
    Renderer: NVIDIA GeForce RTX 4080 SUPER (ID=0x2702)
    Vendor:   NVIDIA
    VRAM:     16047 MB
    Driver:   31.0.15.5161
Initialize mono
Mono path[0] = 'E:/Unity/2022.3.4f1/Editor/Data/Managed'
Mono path[1] = 'E:/Unity/2022.3.4f1/Editor/Data/MonoBleedingEdge/lib/mono/unityjit-win32'
Mono config path = 'E:/Unity/2022.3.4f1/Editor/Data/MonoBleedingEdge/etc'
Using monoOptions --debugger-agent=transport=dt_socket,embedding=1,server=y,suspend=n,address=127.0.0.1:56820
Begin MonoManager ReloadAssembly
Registering precompiled unity dll's ...
Register platform support module: E:/Unity/2022.3.4f1/Editor/Data/PlaybackEngines/WindowsStandaloneSupport/UnityEditor.WindowsStandalone.Extensions.dll
Registered in 0.003031 seconds.
- Loaded All Assemblies, in  0.246 seconds
Native extension for WindowsStandalone target not found
Mono: successfully reloaded assembly
- Finished resetting the current domain, in  0.200 seconds
Domain Reload Profiling: 446ms
	BeginReloadAssembly (76ms)
		ExecutionOrderSort (0ms)
		DisableScriptedObjects (0ms)
		BackupInstance (0ms)
		ReleaseScriptingObjects (0ms)
		CreateAndSetChildDomain (1ms)
	RebuildCommonClasses (27ms)
	RebuildNativeTypeToScriptingClass (11ms)
	initialDomainReloadingComplete (37ms)
	LoadAllAssembliesAndSetupDomain (94ms)
		LoadAssemblies (76ms)
		RebuildTransferFunctionScriptingTraits (0ms)
		AnalyzeDomain (92ms)
			TypeCache.Refresh (92ms)
				TypeCache.ScanAssembly (84ms)
			ScanForSourceGeneratedMonoScriptInfo (0ms)
			ResolveRequiredComponents (0ms)
	FinalizeReload (200ms)
		ReleaseScriptCaches (0ms)
		RebuildScriptCaches (0ms)
		SetupLoadedEditorAssemblies (155ms)
			LogAssemblyErrors (0ms)
			InitializePlatformSupportModulesInManaged (6ms)
			SetLoadedEditorAssemblies (6ms)
			RefreshPlugins (0ms)
			BeforeProcessingInitializeOnLoad (1ms)
			ProcessInitializeOnLoadAttributes (106ms)
			ProcessInitializeOnLoadMethodAttributes (36ms)
			AfterProcessingInitializeOnLoad (0ms)
			EditorAssembliesLoaded (0ms)
		ExecutionOrderSort2 (0ms)
		AwakeInstancesAfterBackupRestoration (0ms)
========================================================================
Worker process is ready to serve import requests
Begin MonoManager ReloadAssembly
Symbol file LoadedFromMemory doesn't match image C:\Users\Josh Zeller\GameDevGroup8\Library\PackageCache\com.unity.visualscripting@1.8.0\Editor\VisualScripting.Core\Dependencies\YamlDotNet\Unity.VisualScripting.YamlDotNet.dll
Symbol file LoadedFromMemory doesn't match image C:\Users\Josh Zeller\GameDevGroup8\Library\PackageCache\com.unity.visualscripting@1.8.0\Editor\VisualScripting.Core\Dependencies\DotNetZip\Unity.VisualScripting.IonicZip.dll
- Loaded All Assemblies, in  0.541 seconds
Refreshing native plugins compatible for Editor in 2.90 ms, found 3 plugins.
Native extension for WindowsStandalone target not found
Package Manager log level set to [2]
[Package Manager] Server::EnsureServerProcessIsRunning -- launch failed, reason: Unity was launched with the -noUpm command-line argument
[Package Manager] UpmClient::Send -- Unable to send message (not connected to UPM process).
[Package Manager] Cannot connect to Unity Package Manager local server
Mono: successfully reloaded assembly
- Finished resetting the current domain, in  0.470 seconds
Domain Reload Profiling: 1010ms
	BeginReloadAssembly (121ms)
		ExecutionOrderSort (0ms)
		DisableScriptedObjects (4ms)
		BackupInstance (0ms)
		ReleaseScriptingObjects (0ms)
		CreateAndSetChildDomain (20ms)
	RebuildCommonClasses (25ms)
	RebuildNativeTypeToScriptingClass (7ms)
	initialDomainReloadingComplete (31ms)
	LoadAllAssembliesAndSetupDomain (356ms)
		LoadAssemblies (209ms)
		RebuildTransferFunctionScriptingTraits (0ms)
		AnalyzeDomain (217ms)
			TypeCache.Refresh (201ms)
				TypeCache.ScanAssembly (191ms)
			ScanForSourceGeneratedMonoScriptInfo (13ms)
			ResolveRequiredComponents (4ms)
	FinalizeReload (470ms)
		ReleaseScriptCaches (0ms)
		RebuildScriptCaches (0ms)
		SetupLoadedEditorAssemblies (357ms)
			LogAssemblyErrors (0ms)
			InitializePlatformSupportModulesInManaged (3ms)
			SetLoadedEditorAssemblies (4ms)
			RefreshPlugins (0ms)
			BeforeProcessingInitializeOnLoad (45ms)
			ProcessInitializeOnLoadAttributes (287ms)
			ProcessInitializeOnLoadMethodAttributes (14ms)
			AfterProcessingInitializeOnLoad (3ms)
			EditorAssembliesLoaded (0ms)
		ExecutionOrderSort2 (0ms)
		AwakeInstancesAfterBackupRestoration (6ms)
Launched and connected shader compiler UnityShaderCompiler.exe after 0.04 seconds
Refreshing native plugins compatible for Editor in 4.16 ms, found 3 plugins.
Preloading 0 native plugins for Editor in 0.00 ms.
Unloading 3723 Unused Serialized files (Serialized files now loaded: 0)
Unloading 51 unused Assets / (130.1 KB). Loaded Objects now: 4188.
Memory consumption went from 136.3 MB to 136.1 MB.
Total: 2.776600 ms (FindLiveObjects: 0.229500 ms CreateObjectMapping: 0.082800 ms MarkObjects: 2.341000 ms  DeleteObjects: 0.122500 ms)

AssetImportParameters requested are different than current active one (requested -> active):
  custom:scripting/monoscript/fileName/EnemyBehavior.cs: c93aa79a3e526684326625364a51285c -> 4377b9e3915ea66213e6ffffac4c3dc6
  custom:container-demuxer-ogg: 62fdf1f143b41e24485cea50d1cbac27 -> 
  custom:video-codec-MediaFoundation-h265: 746d11721c4dcdbdad8f713fa42b33f4 -> 
  custom:video-decoder-ogg-theora: a1e56fd34408186e4bbccfd4996cb3dc -> 
  custom:framework-win-MediaFoundation: 216162199b28c13a410421893ffa2e32 -> 
  custom:CustomObjectIndexerAttribute: 756ad292c208cfabdd7b50bc23989ffe -> 
  custom:container-demuxer-webm: 4f35f7cbe854078d1ac9338744f61a02 -> 
  custom:container-muxer-webm: aa71ff27fc2769a1b78a27578f13a17b -> 
  custom:video-decoder-webm-vp8: 9c59270c3fd7afecdb556c50c9e8de78 -> 
  custom:AudioImporter_EditorPlatform: d09bf68614088b80899f8185d706f6e7 -> 
  custom:scripting/monoscript/fileName/EnemyBehaviorProjectile.cs: 6e129a811c1fe38cf4e9fd0e22c50857 -> 
  custom:video-encoder-webm-vp8: eb34c28f22e8b96e1ab97ce403110664 -> 
  custom:audio-decoder-ogg-vorbis: bf7c407c2cedff20999df2af8eb42d56 -> 
  custom:audio-encoder-webm-vorbis: bf7c407c2cedff20999df2af8eb42d56 -> 
========================================================================
Received Import Request.
  Time since last request: 480386.891691 seconds.
  path: Assets/48 Particle Effect Pack/Texture/Smoke3.mat
  artifactKey: Guid(be7533a6f81a2e14d9ab9d57915552ca) Importer(815301076,1909f56bfc062723c751e8b465ee728b)
Start importing Assets/48 Particle Effect Pack/Texture/Smoke3.mat using Guid(be7533a6f81a2e14d9ab9d57915552ca) Importer(815301076,1909f56bfc062723c751e8b465ee728b)  -> (artifact id: '6e4af1667f67289ca98583898275e957') in 0.074362 seconds
Number of updated asset objects reloaded before import = 0
Number of asset objects unloaded after import = 2
========================================================================
Received Import Request.
  Time since last request: 3.029779 seconds.
  path: Assets/48 Particle Effect Pack/Texture/Smoke4.mat
  artifactKey: Guid(6d7056011f1a430418a308ed22098905) Importer(815301076,1909f56bfc062723c751e8b465ee728b)
Start importing Assets/48 Particle Effect Pack/Texture/Smoke4.mat using Guid(6d7056011f1a430418a308ed22098905) Importer(815301076,1909f56bfc062723c751e8b465ee728b)  -> (artifact id: '12ba7385cf7aab9a6615a85a78fca840') in 0.011612 seconds
Number of updated asset objects reloaded before import = 0
Number of asset objects unloaded after import = 2
========================================================================
Received Import Request.
  Time since last request: 0.704705 seconds.
  path: Assets/48 Particle Effect Pack/Texture/Spark8.mat
  artifactKey: Guid(b7b0f2d86aeefda4e846c89b05c9b891) Importer(815301076,1909f56bfc062723c751e8b465ee728b)
Start importing Assets/48 Particle Effect Pack/Texture/Spark8.mat using Guid(b7b0f2d86aeefda4e846c89b05c9b891) Importer(815301076,1909f56bfc062723c751e8b465ee728b)  -> (artifact id: '06fedcb041d5eb59f251414ddd9dfd33') in 0.010303 seconds
Number of updated asset objects reloaded before import = 0
Number of asset objects unloaded after import = 2
========================================================================
Received Import Request.
  Time since last request: 33.914030 seconds.
  path: Assets/addons
  artifactKey: Guid(2a597b72396f8ca4d9f8c9118ec3520f) Importer(815301076,1909f56bfc062723c751e8b465ee728b)
Start importing Assets/addons using Guid(2a597b72396f8ca4d9f8c9118ec3520f) Importer(815301076,1909f56bfc062723c751e8b465ee728b)  -> (artifact id: '2ad2ddde0c24f468d548f099522d5df7') in 0.000429 seconds
Number of updated asset objects reloaded before import = 0
Number of asset objects unloaded after import = 0
========================================================================
Received Import Request.
  Time since last request: 27.367224 seconds.
  path: Assets/48 Particle Effect Pack/Texture/Flash.mat
  artifactKey: Guid(1b50e61b749b338478dc4441f0ab6bbf) Importer(815301076,1909f56bfc062723c751e8b465ee728b)
Start importing Assets/48 Particle Effect Pack/Texture/Flash.mat using Guid(1b50e61b749b338478dc4441f0ab6bbf) Importer(815301076,1909f56bfc062723c751e8b465ee728b)  -> (artifact id: 'e69946c25a7358017892396e970c92f5') in 0.010830 seconds
Number of updated asset objects reloaded before import = 0
Number of asset objects unloaded after import = 2
========================================================================
Received Import Request.
  Time since last request: 0.000015 seconds.
  path: Assets/48 Particle Effect Pack/Texture/Flash3.mat
  artifactKey: Guid(b800d39fd2d4f88498c4a85b29f62906) Importer(815301076,1909f56bfc062723c751e8b465ee728b)
Start importing Assets/48 Particle Effect Pack/Texture/Flash3.mat using Guid(b800d39fd2d4f88498c4a85b29f62906) Importer(815301076,1909f56bfc062723c751e8b465ee728b)  -> (artifact id: '75d1711a4a7461b48d030df658e07b63') in 0.010004 seconds
Number of updated asset objects reloaded before import = 0
Number of asset objects unloaded after import = 2
========================================================================
Received Import Request.
  Time since last request: 0.000021 seconds.
  path: Assets/48 Particle Effect Pack/Texture/Flash4.mat
  artifactKey: Guid(4e4630e8ac8994249b4f6d41f738e518) Importer(815301076,1909f56bfc062723c751e8b465ee728b)
Start importing Assets/48 Particle Effect Pack/Texture/Flash4.mat using Guid(4e4630e8ac8994249b4f6d41f738e518) Importer(815301076,1909f56bfc062723c751e8b465ee728b)  -> (artifact id: 'f102496e22e85fb81786a37d157d39d3') in 0.010180 seconds
Number of updated asset objects reloaded before import = 0
Number of asset objects unloaded after import = 2
========================================================================
Received Import Request.
  Time since last request: 1.209756 seconds.
  path: Assets/48 Particle Effect Pack/Texture/Smoke.mat
  artifactKey: Guid(e59de0e3c6b519c479c450ea945289d4) Importer(815301076,1909f56bfc062723c751e8b465ee728b)
Start importing Assets/48 Particle Effect Pack/Texture/Smoke.mat using Guid(e59de0e3c6b519c479c450ea945289d4) Importer(815301076,1909f56bfc062723c751e8b465ee728b)  -> (artifact id: '9541deb8069d80334f17c9d356bf064b') in 0.010308 seconds
Number of updated asset objects reloaded before import = 0
Number of asset objects unloaded after import = 2
========================================================================
Received Import Request.
  Time since last request: 0.000024 seconds.
  path: Assets/48 Particle Effect Pack/Texture/Smoke5.mat
  artifactKey: Guid(43e33c0d66f41ee4c9a6f94ed7c73160) Importer(815301076,1909f56bfc062723c751e8b465ee728b)
Start importing Assets/48 Particle Effect Pack/Texture/Smoke5.mat using Guid(43e33c0d66f41ee4c9a6f94ed7c73160) Importer(815301076,1909f56bfc062723c751e8b465ee728b)  -> (artifact id: '8597c90e2a81094cd7a1fda529a54af5') in 0.010800 seconds
Number of updated asset objects reloaded before import = 0
Number of asset objects unloaded after import = 2
========================================================================
Received Import Request.
  Time since last request: 4.590472 seconds.
  path: Assets/prefabs/Volcano_Walker.prefab
  artifactKey: Guid(70dc2c35feb10cf46800a92899056ec4) Importer(815301076,1909f56bfc062723c751e8b465ee728b)
Start importing Assets/prefabs/Volcano_Walker.prefab using Guid(70dc2c35feb10cf46800a92899056ec4) Importer(815301076,1909f56bfc062723c751e8b465ee728b)  -> (artifact id: '745b93151c2b6f9cd3a532d8bfb13f93') in 0.037623 seconds
Internal: There are remaining Allocations on the JobTempAlloc. This is a leak, and will impact performance
To Debug, run app with -diag-job-temp-memory-leak-validation cmd line argument. This will output the callstacks of the leaked allocations.
Number of updated asset objects reloaded before import = 0
Number of asset objects unloaded after import = 92
========================================================================
Received Import Request.
  Time since last request: 1.021834 seconds.
  path: Assets/prefabs/Volcano_Walker.prefab
  artifactKey: Guid(70dc2c35feb10cf46800a92899056ec4) Importer(815301076,1909f56bfc062723c751e8b465ee728b)
Start importing Assets/prefabs/Volcano_Walker.prefab using Guid(70dc2c35feb10cf46800a92899056ec4) Importer(815301076,1909f56bfc062723c751e8b465ee728b)  -> (artifact id: 'a440e657a52691fe02e9809230a12580') in 0.014019 seconds
Internal: There are remaining Allocations on the JobTempAlloc. This is a leak, and will impact performance
To Debug, run app with -diag-job-temp-memory-leak-validation cmd line argument. This will output the callstacks of the leaked allocations.
Number of updated asset objects reloaded before import = 0
Number of asset objects unloaded after import = 92
========================================================================
Received Import Request.
  Time since last request: 1.350915 seconds.
  path: Assets/prefabs/Volcano_Walker.prefab
  artifactKey: Guid(70dc2c35feb10cf46800a92899056ec4) Importer(815301076,1909f56bfc062723c751e8b465ee728b)
Start importing Assets/prefabs/Volcano_Walker.prefab using Guid(70dc2c35feb10cf46800a92899056ec4) Importer(815301076,1909f56bfc062723c751e8b465ee728b)  -> (artifact id: '6f769e80b0d6dfdc3e9ae6a07d3e7f71') in 0.013184 seconds
Internal: There are remaining Allocations on the JobTempAlloc. This is a leak, and will impact performance
To Debug, run app with -diag-job-temp-memory-leak-validation cmd line argument. This will output the callstacks of the leaked allocations.
Number of updated asset objects reloaded before import = 0
Number of asset objects unloaded after import = 92
========================================================================
Received Import Request.
  Time since last request: 0.518239 seconds.
  path: Assets/prefabs/Volcano_Walker.prefab
  artifactKey: Guid(70dc2c35feb10cf46800a92899056ec4) Importer(815301076,1909f56bfc062723c751e8b465ee728b)
Start importing Assets/prefabs/Volcano_Walker.prefab using Guid(70dc2c35feb10cf46800a92899056ec4) Importer(815301076,1909f56bfc062723c751e8b465ee728b)  -> (artifact id: '6a18b8ae7ae5c3deb0de19bc3baa1007') in 0.013335 seconds
Internal: There are remaining Allocations on the JobTempAlloc. This is a leak, and will impact performance
To Debug, run app with -diag-job-temp-memory-leak-validation cmd line argument. This will output the callstacks of the leaked allocations.
Number of updated asset objects reloaded before import = 0
Number of asset objects unloaded after import = 92
========================================================================
Received Import Request.
  Time since last request: 0.588331 seconds.
  path: Assets/prefabs/Volcano_Walker.prefab
  artifactKey: Guid(70dc2c35feb10cf46800a92899056ec4) Importer(815301076,1909f56bfc062723c751e8b465ee728b)
Start importing Assets/prefabs/Volcano_Walker.prefab using Guid(70dc2c35feb10cf46800a92899056ec4) Importer(815301076,1909f56bfc062723c751e8b465ee728b)  -> (artifact id: '3232e5bdc7ce51721323f2d9711b7706') in 0.012098 seconds
Internal: JobTempAlloc has allocations that are more than the maximum lifespan of 4 frames old - this is not allowed and likely a leak
To Debug, run app with -diag-job-temp-memory-leak-validation cmd line argument. This will output the callstacks of the leaked allocations.
Internal: There are remaining Allocations on the JobTempAlloc. This is a leak, and will impact performance
To Debug, run app with -diag-job-temp-memory-leak-validation cmd line argument. This will output the callstacks of the leaked allocations.
Number of updated asset objects reloaded before import = 0
Number of asset objects unloaded after import = 92
========================================================================
Received Import Request.
  Time since last request: 261.739784 seconds.
  path: Assets/48 Particle Effect Pack/Texture/Lightning3.png
  artifactKey: Guid(1e22caf851044fe4dbe73ca33a7e9e29) Importer(815301076,1909f56bfc062723c751e8b465ee728b)
Start importing Assets/48 Particle Effect Pack/Texture/Lightning3.png using Guid(1e22caf851044fe4dbe73ca33a7e9e29) Importer(815301076,1909f56bfc062723c751e8b465ee728b)  -> (artifact id: '40cc490d090c75bcedb4fc62793fc367') in 0.015165 seconds
Internal: There are remaining Allocations on the JobTempAlloc. This is a leak, and will impact performance
To Debug, run app with -diag-job-temp-memory-leak-validation cmd line argument. This will output the callstacks of the leaked allocations.
Number of updated asset objects reloaded before import = 0
Number of asset objects unloaded after import = 2
========================================================================
Received Import Request.
  Time since last request: 0.004296 seconds.
  path: Assets/48 Particle Effect Pack/Texture/Lightning5.mat
  artifactKey: Guid(bbfa7a10c9992c5418179d7f45c9f749) Importer(815301076,1909f56bfc062723c751e8b465ee728b)
Start importing Assets/48 Particle Effect Pack/Texture/Lightning5.mat using Guid(bbfa7a10c9992c5418179d7f45c9f749) Importer(815301076,1909f56bfc062723c751e8b465ee728b)  -> (artifact id: '9b49030079be134ac701870d3d1943c9') in 0.011739 seconds
Internal: There are remaining Allocations on the JobTempAlloc. This is a leak, and will impact performance
To Debug, run app with -diag-job-temp-memory-leak-validation cmd line argument. This will output the callstacks of the leaked allocations.
Number of updated asset objects reloaded before import = 0
Number of asset objects unloaded after import = 2
========================================================================
Received Import Request.
  Time since last request: 0.000013 seconds.
  path: Assets/48 Particle Effect Pack/Texture/SnowCrystal.mat
  artifactKey: Guid(412c1c87c8bf88d41be9917ecf91390d) Importer(815301076,1909f56bfc062723c751e8b465ee728b)
Start importing Assets/48 Particle Effect Pack/Texture/SnowCrystal.mat using Guid(412c1c87c8bf88d41be9917ecf91390d) Importer(815301076,1909f56bfc062723c751e8b465ee728b)  -> (artifact id: 'a7b9ca782c6275f9fefc5bc84a3f63be') in 0.011440 seconds
Internal: There are remaining Allocations on the JobTempAlloc. This is a leak, and will impact performance
To Debug, run app with -diag-job-temp-memory-leak-validation cmd line argument. This will output the callstacks of the leaked allocations.
Number of updated asset objects reloaded before import = 0
Number of asset objects unloaded after import = 2
========================================================================
Received Import Request.
  Time since last request: 0.000017 seconds.
  path: Assets/48 Particle Effect Pack/Texture/Ring3.mat
  artifactKey: Guid(1d614f3d551c4444484365870e44b67d) Importer(815301076,1909f56bfc062723c751e8b465ee728b)
Start importing Assets/48 Particle Effect Pack/Texture/Ring3.mat using Guid(1d614f3d551c4444484365870e44b67d) Importer(815301076,1909f56bfc062723c751e8b465ee728b)  -> (artifact id: '331d6942a2e8ae962e9286ffb7b64f48') in 0.010939 seconds
Internal: There are remaining Allocations on the JobTempAlloc. This is a leak, and will impact performance
To Debug, run app with -diag-job-temp-memory-leak-validation cmd line argument. This will output the callstacks of the leaked allocations.
Number of updated asset objects reloaded before import = 0
Number of asset objects unloaded after import = 2
========================================================================
Received Import Request.
  Time since last request: 0.000015 seconds.
  path: Assets/48 Particle Effect Pack/Texture/multifulline2.png
  artifactKey: Guid(fb7666159dfdba4498dd63e2d76f7c68) Importer(815301076,1909f56bfc062723c751e8b465ee728b)
Start importing Assets/48 Particle Effect Pack/Texture/multifulline2.png using Guid(fb7666159dfdba4498dd63e2d76f7c68) Importer(815301076,1909f56bfc062723c751e8b465ee728b)  -> (artifact id: 'b8c3765723f0052824062790bcdc597c') in 0.009820 seconds
Internal: There are remaining Allocations on the JobTempAlloc. This is a leak, and will impact performance
To Debug, run app with -diag-job-temp-memory-leak-validation cmd line argument. This will output the callstacks of the leaked allocations.
Number of updated asset objects reloaded before import = 0
Number of asset objects unloaded after import = 2
========================================================================
Received Import Request.
  Time since last request: 0.000013 seconds.
  path: Assets/48 Particle Effect Pack/Texture/Particle.png
  artifactKey: Guid(8b54d6bfa7448b04eb413e5921218312) Importer(815301076,1909f56bfc062723c751e8b465ee728b)
Start importing Assets/48 Particle Effect Pack/Texture/Particle.png using Guid(8b54d6bfa7448b04eb413e5921218312) Importer(815301076,1909f56bfc062723c751e8b465ee728b)  -> (artifact id: '187ae92535f5c824627831afd64aa1cb') in 0.011116 seconds
Internal: There are remaining Allocations on the JobTempAlloc. This is a leak, and will impact performance
To Debug, run app with -diag-job-temp-memory-leak-validation cmd line argument. This will output the callstacks of the leaked allocations.
Number of updated asset objects reloaded before import = 0
Number of asset objects unloaded after import = 2
========================================================================
Received Import Request.
  Time since last request: 0.000042 seconds.
  path: Assets/48 Particle Effect Pack/Texture/Smoke7.png
  artifactKey: Guid(a42e7b2914e69ed4b9fcd1728c8dd2f4) Importer(815301076,1909f56bfc062723c751e8b465ee728b)
Start importing Assets/48 Particle Effect Pack/Texture/Smoke7.png using Guid(a42e7b2914e69ed4b9fcd1728c8dd2f4) Importer(815301076,1909f56bfc062723c751e8b465ee728b)  -> (artifact id: '028c99de1fc5cb4193c7a7af40d2ae8d') in 0.009621 seconds
Internal: There are remaining Allocations on the JobTempAlloc. This is a leak, and will impact performance
To Debug, run app with -diag-job-temp-memory-leak-validation cmd line argument. This will output the callstacks of the leaked allocations.
Number of updated asset objects reloaded before import = 0
Number of asset objects unloaded after import = 2
========================================================================
Received Import Request.
  Time since last request: 0.000013 seconds.
  path: Assets/48 Particle Effect Pack/Texture/SnowCrystal3.mat
  artifactKey: Guid(2ddb0a58e3b129649b0e330a964e50a8) Importer(815301076,1909f56bfc062723c751e8b465ee728b)
Start importing Assets/48 Particle Effect Pack/Texture/SnowCrystal3.mat using Guid(2ddb0a58e3b129649b0e330a964e50a8) Importer(815301076,1909f56bfc062723c751e8b465ee728b)  -> (artifact id: 'ca088a5bef2971273107a12395bb5f10') in 0.009244 seconds
Internal: There are remaining Allocations on the JobTempAlloc. This is a leak, and will impact performance
To Debug, run app with -diag-job-temp-memory-leak-validation cmd line argument. This will output the callstacks of the leaked allocations.
Number of updated asset objects reloaded before import = 0
Number of asset objects unloaded after import = 2
========================================================================
Received Import Request.
  Time since last request: 0.000012 seconds.
  path: Assets/48 Particle Effect Pack/Texture/SnowCrystal3.png
  artifactKey: Guid(a65abe18d5d4cd5488a59984e1928bea) Importer(815301076,1909f56bfc062723c751e8b465ee728b)
Start importing Assets/48 Particle Effect Pack/Texture/SnowCrystal3.png using Guid(a65abe18d5d4cd5488a59984e1928bea) Importer(815301076,1909f56bfc062723c751e8b465ee728b)  -> (artifact id: 'fac8ee863ed50cf9eca3027ab0fc3f44') in 0.003843 seconds
Internal: There are remaining Allocations on the JobTempAlloc. This is a leak, and will impact performance
To Debug, run app with -diag-job-temp-memory-leak-validation cmd line argument. This will output the callstacks of the leaked allocations.
Number of updated asset objects reloaded before import = 0
Number of asset objects unloaded after import = 2
========================================================================
Received Import Request.
  Time since last request: 0.000010 seconds.
  path: Assets/48 Particle Effect Pack/Texture/Ring3.png
  artifactKey: Guid(80421df3a6636154a9772e3c392df801) Importer(815301076,1909f56bfc062723c751e8b465ee728b)
Start importing Assets/48 Particle Effect Pack/Texture/Ring3.png using Guid(80421df3a6636154a9772e3c392df801) Importer(815301076,1909f56bfc062723c751e8b465ee728b)  -> (artifact id: '405036e08c855d5edf146db521d36e92') in 0.008590 seconds
Internal: There are remaining Allocations on the JobTempAlloc. This is a leak, and will impact performance
To Debug, run app with -diag-job-temp-memory-leak-validation cmd line argument. This will output the callstacks of the leaked allocations.
Number of updated asset objects reloaded before import = 0
Number of asset objects unloaded after import = 2
========================================================================
Received Import Request.
  Time since last request: 0.000017 seconds.
  path: Assets/48 Particle Effect Pack/Texture/Spark2.png
  artifactKey: Guid(d93ddb7c7e392d143804e0f15189d8dd) Importer(815301076,1909f56bfc062723c751e8b465ee728b)
Start importing Assets/48 Particle Effect Pack/Texture/Spark2.png using Guid(d93ddb7c7e392d143804e0f15189d8dd) Importer(815301076,1909f56bfc062723c751e8b465ee728b)  -> (artifact id: '1a5d47cd601a7d218185b5a9682e2839') in 0.008564 seconds
Internal: There are remaining Allocations on the JobTempAlloc. This is a leak, and will impact performance
To Debug, run app with -diag-job-temp-memory-leak-validation cmd line argument. This will output the callstacks of the leaked allocations.
Number of updated asset objects reloaded before import = 0
Number of asset objects unloaded after import = 2
========================================================================
Received Import Request.
  Time since last request: 0.000018 seconds.
  path: Assets/48 Particle Effect Pack/Texture/Ring6.mat
  artifactKey: Guid(ac54cfdbacf954346904cd054091cb49) Importer(815301076,1909f56bfc062723c751e8b465ee728b)
Start importing Assets/48 Particle Effect Pack/Texture/Ring6.mat using Guid(ac54cfdbacf954346904cd054091cb49) Importer(815301076,1909f56bfc062723c751e8b465ee728b)  -> (artifact id: 'bbf3097e342835508951c91d29a501b5') in 0.005027 seconds
Internal: There are remaining Allocations on the JobTempAlloc. This is a leak, and will impact performance
To Debug, run app with -diag-job-temp-memory-leak-validation cmd line argument. This will output the callstacks of the leaked allocations.
Number of updated asset objects reloaded before import = 0
Number of asset objects unloaded after import = 2
========================================================================
Received Import Request.
  Time since last request: 0.000011 seconds.
  path: Assets/48 Particle Effect Pack/Texture/multifulline.png
  artifactKey: Guid(cd902e00eecab704eaf8216ed6fd018d) Importer(815301076,1909f56bfc062723c751e8b465ee728b)
Start importing Assets/48 Particle Effect Pack/Texture/multifulline.png using Guid(cd902e00eecab704eaf8216ed6fd018d) Importer(815301076,1909f56bfc062723c751e8b465ee728b)  -> (artifact id: '6b5e85d5e80fb6cc873ea0e3bf6b2564') in 0.004241 seconds
Internal: There are remaining Allocations on the JobTempAlloc. This is a leak, and will impact performance
To Debug, run app with -diag-job-temp-memory-leak-validation cmd line argument. This will output the callstacks of the leaked allocations.
Number of updated asset objects reloaded before import = 0
Number of asset objects unloaded after import = 2
========================================================================
Received Import Request.
  Time since last request: 0.000013 seconds.
  path: Assets/48 Particle Effect Pack/Texture/Smoke5.png
  artifactKey: Guid(72e47387450438641a4f518987f8f600) Importer(815301076,1909f56bfc062723c751e8b465ee728b)
Start importing Assets/48 Particle Effect Pack/Texture/Smoke5.png using Guid(72e47387450438641a4f518987f8f600) Importer(815301076,1909f56bfc062723c751e8b465ee728b)  -> (artifact id: '75cde333d120bf2088d04a77b0e618f3') in 0.010240 seconds
Internal: There are remaining Allocations on the JobTempAlloc. This is a leak, and will impact performance
To Debug, run app with -diag-job-temp-memory-leak-validation cmd line argument. This will output the callstacks of the leaked allocations.
Number of updated asset objects reloaded before import = 0
Number of asset objects unloaded after import = 2
========================================================================
Received Import Request.
  Time since last request: 0.000012 seconds.
  path: Assets/48 Particle Effect Pack/Texture/Ring5.png
  artifactKey: Guid(b2f1d52a95d5da44cad396fe6355e4bf) Importer(815301076,1909f56bfc062723c751e8b465ee728b)
Start importing Assets/48 Particle Effect Pack/Texture/Ring5.png using Guid(b2f1d52a95d5da44cad396fe6355e4bf) Importer(815301076,1909f56bfc062723c751e8b465ee728b)  -> (artifact id: '3b0070c192058e506ba46ca2177c1237') in 0.004680 seconds
Internal: There are remaining Allocations on the JobTempAlloc. This is a leak, and will impact performance
To Debug, run app with -diag-job-temp-memory-leak-validation cmd line argument. This will output the callstacks of the leaked allocations.
Number of updated asset objects reloaded before import = 0
Number of asset objects unloaded after import = 2
========================================================================
Received Import Request.
  Time since last request: 0.000010 seconds.
  path: Assets/48 Particle Effect Pack/Texture/Ring8.png
  artifactKey: Guid(c370d761389415a41bab75d069ae9b50) Importer(815301076,1909f56bfc062723c751e8b465ee728b)
Start importing Assets/48 Particle Effect Pack/Texture/Ring8.png using Guid(c370d761389415a41bab75d069ae9b50) Importer(815301076,1909f56bfc062723c751e8b465ee728b)  -> (artifact id: '466608dc7af1c591662bdb396c48153c') in 0.009480 seconds
Internal: There are remaining Allocations on the JobTempAlloc. This is a leak, and will impact performance
To Debug, run app with -diag-job-temp-memory-leak-validation cmd line argument. This will output the callstacks of the leaked allocations.
Number of updated asset objects reloaded before import = 0
Number of asset objects unloaded after import = 2
========================================================================
Received Import Request.
  Time since last request: 0.000012 seconds.
  path: Assets/48 Particle Effect Pack/Texture/Spark6.mat
  artifactKey: Guid(25217b424bdbdfc429bd7b6b41d3a76b) Importer(815301076,1909f56bfc062723c751e8b465ee728b)
Start importing Assets/48 Particle Effect Pack/Texture/Spark6.mat using Guid(25217b424bdbdfc429bd7b6b41d3a76b) Importer(815301076,1909f56bfc062723c751e8b465ee728b)  -> (artifact id: '0850406bccdf922204341afa99211f1e') in 0.010411 seconds
Internal: There are remaining Allocations on the JobTempAlloc. This is a leak, and will impact performance
To Debug, run app with -diag-job-temp-memory-leak-validation cmd line argument. This will output the callstacks of the leaked allocations.
Number of updated asset objects reloaded before import = 0
Number of asset objects unloaded after import = 2
========================================================================
Received Import Request.
  Time since last request: 0.000013 seconds.
  path: Assets/48 Particle Effect Pack/Texture/Lightning4.png
  artifactKey: Guid(6ad0f998e7e81fe4199709bef1a9aad4) Importer(815301076,1909f56bfc062723c751e8b465ee728b)
Start importing Assets/48 Particle Effect Pack/Texture/Lightning4.png using Guid(6ad0f998e7e81fe4199709bef1a9aad4) Importer(815301076,1909f56bfc062723c751e8b465ee728b)  -> (artifact id: '864263757b7355156cd10f1bb26ed36a') in 0.008774 seconds
Internal: There are remaining Allocations on the JobTempAlloc. This is a leak, and will impact performance
To Debug, run app with -diag-job-temp-memory-leak-validation cmd line argument. This will output the callstacks of the leaked allocations.
Number of updated asset objects reloaded before import = 0
Number of asset objects unloaded after import = 2
========================================================================
Received Import Request.
  Time since last request: 0.000015 seconds.
  path: Assets/48 Particle Effect Pack/Texture/Particle.mat
  artifactKey: Guid(e252ebe03637ede45ab53f0c045e6f67) Importer(815301076,1909f56bfc062723c751e8b465ee728b)
Start importing Assets/48 Particle Effect Pack/Texture/Particle.mat using Guid(e252ebe03637ede45ab53f0c045e6f67) Importer(815301076,1909f56bfc062723c751e8b465ee728b)  -> (artifact id: '7deb43760f2de6e90a0f2be082a685a3') in 0.011446 seconds
Internal: There are remaining Allocations on the JobTempAlloc. This is a leak, and will impact performance
To Debug, run app with -diag-job-temp-memory-leak-validation cmd line argument. This will output the callstacks of the leaked allocations.
Number of updated asset objects reloaded before import = 0
Number of asset objects unloaded after import = 2
========================================================================
Received Import Request.
  Time since last request: 0.000023 seconds.
  path: Assets/48 Particle Effect Pack/Texture/Ring.png
  artifactKey: Guid(0a8ce75c58f6c1b499b6a61e26e4b991) Importer(815301076,1909f56bfc062723c751e8b465ee728b)
Start importing Assets/48 Particle Effect Pack/Texture/Ring.png using Guid(0a8ce75c58f6c1b499b6a61e26e4b991) Importer(815301076,1909f56bfc062723c751e8b465ee728b)  -> (artifact id: 'fc2a092fee369cfb33df9d8705798cec') in 0.005017 seconds
Internal: There are remaining Allocations on the JobTempAlloc. This is a leak, and will impact performance
To Debug, run app with -diag-job-temp-memory-leak-validation cmd line argument. This will output the callstacks of the leaked allocations.
Number of updated asset objects reloaded before import = 0
Number of asset objects unloaded after import = 2
========================================================================
Received Import Request.
  Time since last request: 0.000012 seconds.
  path: Assets/48 Particle Effect Pack/Texture/Spark2.mat
  artifactKey: Guid(a1ebb5132f727d043b53629a18b54fb3) Importer(815301076,1909f56bfc062723c751e8b465ee728b)
Start importing Assets/48 Particle Effect Pack/Texture/Spark2.mat using Guid(a1ebb5132f727d043b53629a18b54fb3) Importer(815301076,1909f56bfc062723c751e8b465ee728b)  -> (artifact id: '36d0cda66aa695c52e933a8366416ef6') in 0.010046 seconds
Internal: There are remaining Allocations on the JobTempAlloc. This is a leak, and will impact performance
To Debug, run app with -diag-job-temp-memory-leak-validation cmd line argument. This will output the callstacks of the leaked allocations.
Number of updated asset objects reloaded before import = 0
Number of asset objects unloaded after import = 2
========================================================================
Received Import Request.
  Time since last request: 0.000012 seconds.
  path: Assets/48 Particle Effect Pack/Texture/Spark5.png
  artifactKey: Guid(8c17e8a7fd22fea4b9f9c78d0114a1e0) Importer(815301076,1909f56bfc062723c751e8b465ee728b)
Start importing Assets/48 Particle Effect Pack/Texture/Spark5.png using Guid(8c17e8a7fd22fea4b9f9c78d0114a1e0) Importer(815301076,1909f56bfc062723c751e8b465ee728b)  -> (artifact id: '73562cf59b5cbfac555492df469484e6') in 0.008715 seconds
Internal: JobTempAlloc has allocations that are more than the maximum lifespan of 4 frames old - this is not allowed and likely a leak
To Debug, run app with -diag-job-temp-memory-leak-validation cmd line argument. This will output the callstacks of the leaked allocations.
Internal: There are remaining Allocations on the JobTempAlloc. This is a leak, and will impact performance
To Debug, run app with -diag-job-temp-memory-leak-validation cmd line argument. This will output the callstacks of the leaked allocations.
Number of updated asset objects reloaded before import = 0
Number of asset objects unloaded after import = 2
========================================================================
Received Import Request.
  Time since last request: 0.000016 seconds.
  path: Assets/48 Particle Effect Pack/Texture/Spark5.mat
  artifactKey: Guid(e8866d69778db1648a2a24c7bd6e5b5a) Importer(815301076,1909f56bfc062723c751e8b465ee728b)
Start importing Assets/48 Particle Effect Pack/Texture/Spark5.mat using Guid(e8866d69778db1648a2a24c7bd6e5b5a) Importer(815301076,1909f56bfc062723c751e8b465ee728b)  -> (artifact id: 'a1a1e570c28c25e51e4849de5f80ae3a') in 0.009610 seconds
Internal: There are remaining Allocations on the JobTempAlloc. This is a leak, and will impact performance
To Debug, run app with -diag-job-temp-memory-leak-validation cmd line argument. This will output the callstacks of the leaked allocations.
Number of updated asset objects reloaded before import = 0
Number of asset objects unloaded after import = 2
========================================================================
Received Import Request.
  Time since last request: 0.000011 seconds.
  path: Assets/48 Particle Effect Pack/Texture/Mark.png
  artifactKey: Guid(8419e126ae7223744889caf3b783f83f) Importer(815301076,1909f56bfc062723c751e8b465ee728b)
Start importing Assets/48 Particle Effect Pack/Texture/Mark.png using Guid(8419e126ae7223744889caf3b783f83f) Importer(815301076,1909f56bfc062723c751e8b465ee728b)  -> (artifact id: '143816f59f0241bf0f3d2e9f5767363b') in 0.004102 seconds
Internal: There are remaining Allocations on the JobTempAlloc. This is a leak, and will impact performance
To Debug, run app with -diag-job-temp-memory-leak-validation cmd line argument. This will output the callstacks of the leaked allocations.
Number of updated asset objects reloaded before import = 0
Number of asset objects unloaded after import = 2
========================================================================
Received Import Request.
  Time since last request: 0.000009 seconds.
  path: Assets/48 Particle Effect Pack/Texture/SnowCrystal.png
  artifactKey: Guid(6b429bf37702fd44dbdd6836556c6a3d) Importer(815301076,1909f56bfc062723c751e8b465ee728b)
Start importing Assets/48 Particle Effect Pack/Texture/SnowCrystal.png using Guid(6b429bf37702fd44dbdd6836556c6a3d) Importer(815301076,1909f56bfc062723c751e8b465ee728b)  -> (artifact id: '1158574225fe8b8bcea487af0759b73a') in 0.003743 seconds
Internal: There are remaining Allocations on the JobTempAlloc. This is a leak, and will impact performance
To Debug, run app with -diag-job-temp-memory-leak-validation cmd line argument. This will output the callstacks of the leaked allocations.
Number of updated asset objects reloaded before import = 0
Number of asset objects unloaded after import = 2
========================================================================
Received Import Request.
  Time since last request: 0.000012 seconds.
  path: Assets/48 Particle Effect Pack/Texture/Smoke3.png
  artifactKey: Guid(2ad702468b9129b41b3d8fcf192a5fb0) Importer(815301076,1909f56bfc062723c751e8b465ee728b)
Start importing Assets/48 Particle Effect Pack/Texture/Smoke3.png using Guid(2ad702468b9129b41b3d8fcf192a5fb0) Importer(815301076,1909f56bfc062723c751e8b465ee728b)  -> (artifact id: '30f55ced27c83d0e7af7af6467290af6') in 0.009775 seconds
Internal: There are remaining Allocations on the JobTempAlloc. This is a leak, and will impact performance
To Debug, run app with -diag-job-temp-memory-leak-validation cmd line argument. This will output the callstacks of the leaked allocations.
Number of updated asset objects reloaded before import = 0
Number of asset objects unloaded after import = 2
========================================================================
Received Import Request.
  Time since last request: 0.000015 seconds.
  path: Assets/48 Particle Effect Pack/Texture/Smoke.png
  artifactKey: Guid(85771cdbea868434b9ad8fd80b0c047d) Importer(815301076,1909f56bfc062723c751e8b465ee728b)
Start importing Assets/48 Particle Effect Pack/Texture/Smoke.png using Guid(85771cdbea868434b9ad8fd80b0c047d) Importer(815301076,1909f56bfc062723c751e8b465ee728b)  -> (artifact id: '1fcce33597bd870ad4fa6e823ef2da01') in 0.009721 seconds
Internal: There are remaining Allocations on the JobTempAlloc. This is a leak, and will impact performance
To Debug, run app with -diag-job-temp-memory-leak-validation cmd line argument. This will output the callstacks of the leaked allocations.
Number of updated asset objects reloaded before import = 0
Number of asset objects unloaded after import = 2
========================================================================
Received Import Request.
  Time since last request: 0.000062 seconds.
  path: Assets/48 Particle Effect Pack/Texture/Ring2.mat
  artifactKey: Guid(4186e9b6090f86f44ba623f55e461f6f) Importer(815301076,1909f56bfc062723c751e8b465ee728b)
Start importing Assets/48 Particle Effect Pack/Texture/Ring2.mat using Guid(4186e9b6090f86f44ba623f55e461f6f) Importer(815301076,1909f56bfc062723c751e8b465ee728b)  -> (artifact id: '2a37b2ac21f2d50a4ce1435997a937c2') in 0.008979 seconds
Internal: There are remaining Allocations on the JobTempAlloc. This is a leak, and will impact performance
To Debug, run app with -diag-job-temp-memory-leak-validation cmd line argument. This will output the callstacks of the leaked allocations.
Number of updated asset objects reloaded before import = 0
Number of asset objects unloaded after import = 2
========================================================================
Received Import Request.
  Time since last request: 0.000012 seconds.
  path: Assets/48 Particle Effect Pack/Texture/Spark6.png
  artifactKey: Guid(efe3c48ad209d0b4c91c9970c382125e) Importer(815301076,1909f56bfc062723c751e8b465ee728b)
Start importing Assets/48 Particle Effect Pack/Texture/Spark6.png using Guid(efe3c48ad209d0b4c91c9970c382125e) Importer(815301076,1909f56bfc062723c751e8b465ee728b)  -> (artifact id: 'd736e6637833320cfcb6a55800e39973') in 0.007755 seconds
Internal: There are remaining Allocations on the JobTempAlloc. This is a leak, and will impact performance
To Debug, run app with -diag-job-temp-memory-leak-validation cmd line argument. This will output the callstacks of the leaked allocations.
Number of updated asset objects reloaded before import = 0
Number of asset objects unloaded after import = 2
========================================================================
Received Import Request.
  Time since last request: 0.000014 seconds.
  path: Assets/48 Particle Effect Pack/Texture/SnowCrystal4.png
  artifactKey: Guid(f86f0f5ed1fc4de4da6956aa8e44b93b) Importer(815301076,1909f56bfc062723c751e8b465ee728b)
Start importing Assets/48 Particle Effect Pack/Texture/SnowCrystal4.png using Guid(f86f0f5ed1fc4de4da6956aa8e44b93b) Importer(815301076,1909f56bfc062723c751e8b465ee728b)  -> (artifact id: '421ea85184a5adfc0cde96d29522d170') in 0.004294 seconds
Internal: There are remaining Allocations on the JobTempAlloc. This is a leak, and will impact performance
To Debug, run app with -diag-job-temp-memory-leak-validation cmd line argument. This will output the callstacks of the leaked allocations.
Number of updated asset objects reloaded before import = 0
Number of asset objects unloaded after import = 2
Editor requested this worker to shutdown with reason: Scaling down because of idle timeout
TcpMessagingSession - receive error: operation aborted. errorcode: 995, details: The I/O operation has been aborted because of either a thread exit or an application request.
AssetImportWorker is now disconnected from the server
Process exiting
Exiting without the bug reporter. Application will terminate with return code 0